
Имя_службы: AESMService
Выводимое_имя: IntelR SGX AESM
        Тип                : 10  WIN32_OWN_PROCESS  
        Состояние          : 4  RUNNING 
                                (STOPPABLE, NOT_PAUSABLE, IGNORES_SHUTDOWN)
        Код_выхода_Win32   : 0  (0x0)
        Код_выхода_службы  : 0  (0x0)
        Контрольная_точка  : 0x0
        Ожидание           : 0x0

Имя_службы: Appinfo
Выводимое_имя: Сведения о приложении
        Тип                : 30  WIN32  
        Состояние          : 4  RUNNING 
                                (STOPPABLE, NOT_PAUSABLE, IGNORES_SHUTDOWN)
        Код_выхода_Win32   : 0  (0x0)
        Код_выхода_службы  : 0  (0x0)
        Контрольная_точка  : 0x0
        Ожидание           : 0x0

Имя_службы: AppMgmt
Выводимое_имя: Управление приложениями
        Тип                : 30  WIN32  
        Состояние          : 4  RUNNING 
                                (STOPPABLE, NOT_PAUSABLE, IGNORES_SHUTDOWN)
        Код_выхода_Win32   : 0  (0x0)
        Код_выхода_службы  : 0  (0x0)
        Контрольная_точка  : 0x0
        Ожидание           : 0x0

Имя_службы: AudioEndpointBuilder
Выводимое_имя: Средство построения конечных точек Windows Audio
        Тип                : 30  WIN32  
        Состояние          : 4  RUNNING 
                                (STOPPABLE, NOT_PAUSABLE, IGNORES_SHUTDOWN)
        Код_выхода_Win32   : 0  (0x0)
        Код_выхода_службы  : 0  (0x0)
        Контрольная_точка  : 0x0
        Ожидание           : 0x0

Имя_службы: Audiosrv
Выводимое_имя: Windows Audio
        Тип                : 10  WIN32_OWN_PROCESS  
        Состояние          : 4  RUNNING 
                                (STOPPABLE, NOT_PAUSABLE, IGNORES_SHUTDOWN)
        Код_выхода_Win32   : 0  (0x0)
        Код_выхода_службы  : 0  (0x0)
        Контрольная_точка  : 0x0
        Ожидание           : 0x0

Имя_службы: BFE
Выводимое_имя: Служба базовой фильтрации
        Тип                : 20  WIN32_SHARE_PROCESS  
        Состояние          : 4  RUNNING 
                                (STOPPABLE, NOT_PAUSABLE, IGNORES_SHUTDOWN)
        Код_выхода_Win32   : 0  (0x0)
        Код_выхода_службы  : 0  (0x0)
        Контрольная_точка  : 0x0
        Ожидание           : 0x0

Имя_службы: BrokerInfrastructure
Выводимое_имя: Служба инфраструктуры фоновых задач
        Тип                : 20  WIN32_SHARE_PROCESS  
        Состояние          : 4  RUNNING 
                                (NOT_STOPPABLE, NOT_PAUSABLE, IGNORES_SHUTDOWN)
        Код_выхода_Win32   : 0  (0x0)
        Код_выхода_службы  : 0  (0x0)
        Контрольная_точка  : 0x0
        Ожидание           : 0x0

Имя_службы: BTAGService
Выводимое_имя: Служба звукового шлюза Bluetooth
        Тип                : 30  WIN32  
        Состояние          : 4  RUNNING 
                                (STOPPABLE, NOT_PAUSABLE, IGNORES_SHUTDOWN)
        Код_выхода_Win32   : 0  (0x0)
        Код_выхода_службы  : 0  (0x0)
        Контрольная_точка  : 0x0
        Ожидание           : 0x0

Имя_службы: BthAvctpSvc
Выводимое_имя: Служба AVCTP
        Тип                : 30  WIN32  
        Состояние          : 4  RUNNING 
                                (STOPPABLE, NOT_PAUSABLE, IGNORES_SHUTDOWN)
        Код_выхода_Win32   : 0  (0x0)
        Код_выхода_службы  : 0  (0x0)
        Контрольная_точка  : 0x0
        Ожидание           : 0x0

Имя_службы: bthserv
Выводимое_имя: Служба поддержки Bluetooth
        Тип                : 30  WIN32  
        Состояние          : 4  RUNNING 
                                (STOPPABLE, NOT_PAUSABLE, ACCEPTS_SHUTDOWN)
        Код_выхода_Win32   : 0  (0x0)
        Код_выхода_службы  : 0  (0x0)
        Контрольная_точка  : 0x0
        Ожидание           : 0x0

Имя_службы: camsvc
Выводимое_имя: Служба диспетчера доступа к возможностям
        Тип                : 30  WIN32  
        Состояние          : 4  RUNNING 
                                (STOPPABLE, NOT_PAUSABLE, ACCEPTS_SHUTDOWN)
        Код_выхода_Win32   : 0  (0x0)
        Код_выхода_службы  : 0  (0x0)
        Контрольная_точка  : 0x0
        Ожидание           : 0x0

Имя_службы: CDPSvc
Выводимое_имя: Служба платформы подключенных устройств
        Тип                : 30  WIN32  
        Состояние          : 4  RUNNING 
                                (STOPPABLE, NOT_PAUSABLE, IGNORES_SHUTDOWN)
        Код_выхода_Win32   : 0  (0x0)
        Код_выхода_службы  : 0  (0x0)
        Контрольная_точка  : 0x0
        Ожидание           : 0x0

Имя_службы: ClickToRunSvc
Выводимое_имя: Служба Microsoft Office "Нажми и работай"
        Тип                : 10  WIN32_OWN_PROCESS  
        Состояние          : 4  RUNNING 
                                (STOPPABLE, NOT_PAUSABLE, ACCEPTS_SHUTDOWN)
        Код_выхода_Win32   : 0  (0x0)
        Код_выхода_службы  : 0  (0x0)
        Контрольная_точка  : 0x0
        Ожидание           : 0x0

Имя_службы: CoreMessagingRegistrar
Выводимое_имя: CoreMessaging
        Тип                : 20  WIN32_SHARE_PROCESS  
        Состояние          : 4  RUNNING 
                                (NOT_STOPPABLE, NOT_PAUSABLE, IGNORES_SHUTDOWN)
        Код_выхода_Win32   : 0  (0x0)
        Код_выхода_службы  : 0  (0x0)
        Контрольная_точка  : 0x0
        Ожидание           : 0x0

Имя_службы: cphs
Выводимое_имя: Intel(R) Content Protection HECI Service
        Тип                : 10  WIN32_OWN_PROCESS  
        Состояние          : 4  RUNNING 
                                (STOPPABLE, NOT_PAUSABLE, IGNORES_SHUTDOWN)
        Код_выхода_Win32   : 0  (0x0)
        Код_выхода_службы  : 0  (0x0)
        Контрольная_точка  : 0x0
        Ожидание           : 0x0

Имя_службы: cplspcon
Выводимое_имя: Intel(R) Content Protection HDCP Service
        Тип                : 10  WIN32_OWN_PROCESS  
        Состояние          : 4  RUNNING 
                                (STOPPABLE, NOT_PAUSABLE, IGNORES_SHUTDOWN)
        Код_выхода_Win32   : 0  (0x0)
        Код_выхода_службы  : 0  (0x0)
        Контрольная_точка  : 0x0
        Ожидание           : 0x0

Имя_службы: CryptSvc
Выводимое_имя: Службы криптографии
        Тип                : 30  WIN32  
        Состояние          : 4  RUNNING 
                                (STOPPABLE, NOT_PAUSABLE, ACCEPTS_SHUTDOWN)
        Код_выхода_Win32   : 0  (0x0)
        Код_выхода_службы  : 0  (0x0)
        Контрольная_точка  : 0x0
        Ожидание           : 0x0

Имя_службы: CxAudMsg
Выводимое_имя: Conexant Audio Message Service
        Тип                : 10  WIN32_OWN_PROCESS  
        Состояние          : 4  RUNNING 
                                (STOPPABLE, NOT_PAUSABLE, IGNORES_SHUTDOWN)
        Код_выхода_Win32   : 0  (0x0)
        Код_выхода_службы  : 0  (0x0)
        Контрольная_точка  : 0x0
        Ожидание           : 0x0

Имя_службы: CxUtilSvc
Выводимое_имя: CxUtilSvc
        Тип                : 10  WIN32_OWN_PROCESS  
        Состояние          : 4  RUNNING 
                                (STOPPABLE, NOT_PAUSABLE, IGNORES_SHUTDOWN)
        Код_выхода_Win32   : 0  (0x0)
        Код_выхода_службы  : 0  (0x0)
        Контрольная_точка  : 0x0
        Ожидание           : 0x0

Имя_службы: DcomLaunch
Выводимое_имя: Модуль запуска процессов DCOM-сервера
        Тип                : 20  WIN32_SHARE_PROCESS  
        Состояние          : 4  RUNNING 
                                (NOT_STOPPABLE, NOT_PAUSABLE, IGNORES_SHUTDOWN)
        Код_выхода_Win32   : 0  (0x0)
        Код_выхода_службы  : 0  (0x0)
        Контрольная_точка  : 0x0
        Ожидание           : 0x0

Имя_службы: DeviceAssociationService
Выводимое_имя: Служба сопоставления устройств
        Тип                : 30  WIN32  
        Состояние          : 4  RUNNING 
                                (STOPPABLE, NOT_PAUSABLE, ACCEPTS_SHUTDOWN)
        Код_выхода_Win32   : 0  (0x0)
        Код_выхода_службы  : 0  (0x0)
        Контрольная_точка  : 0x0
        Ожидание           : 0x0

Имя_службы: Dhcp
Выводимое_имя: DHCP-клиент
        Тип                : 30  WIN32  
        Состояние          : 4  RUNNING 
                                (STOPPABLE, NOT_PAUSABLE, ACCEPTS_SHUTDOWN)
        Код_выхода_Win32   : 0  (0x0)
        Код_выхода_службы  : 0  (0x0)
        Контрольная_точка  : 0x0
        Ожидание           : 0x0

Имя_службы: DiagTrack
Выводимое_имя: Функциональные возможности для подключенных пользователей и телеметрия
        Тип                : 10  WIN32_OWN_PROCESS  
        Состояние          : 4  RUNNING 
                                (STOPPABLE, NOT_PAUSABLE, ACCEPTS_PRESHUTDOWN)
        Код_выхода_Win32   : 0  (0x0)
        Код_выхода_службы  : 0  (0x0)
        Контрольная_точка  : 0x0
        Ожидание           : 0x0

Имя_службы: DispBrokerDesktopSvc
Выводимое_имя: Служба политики отображения
        Тип                : 30  WIN32  
        Состояние          : 4  RUNNING 
                                (STOPPABLE, NOT_PAUSABLE, IGNORES_SHUTDOWN)
        Код_выхода_Win32   : 0  (0x0)
        Код_выхода_службы  : 0  (0x0)
        Контрольная_точка  : 0x0
        Ожидание           : 0x0

Имя_службы: DisplayEnhancementService
Выводимое_имя: Служба улучшения отображения
        Тип                : 30  WIN32  
        Состояние          : 4  RUNNING 
                                (STOPPABLE, NOT_PAUSABLE, IGNORES_SHUTDOWN)
        Код_выхода_Win32   : 0  (0x0)
        Код_выхода_службы  : 0  (0x0)
        Контрольная_точка  : 0x0
        Ожидание           : 0x0

Имя_службы: Dnscache
Выводимое_имя: DNS-клиент
        Тип                : 30  WIN32  
        Состояние          : 4  RUNNING 
                                (NOT_STOPPABLE, NOT_PAUSABLE, IGNORES_SHUTDOWN)
        Код_выхода_Win32   : 0  (0x0)
        Код_выхода_службы  : 0  (0x0)
        Контрольная_точка  : 0x0
        Ожидание           : 0x0

Имя_службы: Dolby DAX2 API Service
Выводимое_имя: Dolby DAX2 API Service
        Тип                : 10  WIN32_OWN_PROCESS  
        Состояние          : 4  RUNNING 
                                (STOPPABLE, NOT_PAUSABLE, IGNORES_SHUTDOWN)
        Код_выхода_Win32   : 0  (0x0)
        Код_выхода_службы  : 0  (0x0)
        Контрольная_точка  : 0x0
        Ожидание           : 0x0

Имя_службы: DoSvc
Выводимое_имя: Оптимизация доставки
        Тип                : 30  WIN32  
        Состояние          : 4  RUNNING 
                                (STOPPABLE, NOT_PAUSABLE, ACCEPTS_PRESHUTDOWN)
        Код_выхода_Win32   : 0  (0x0)
        Код_выхода_службы  : 0  (0x0)
        Контрольная_точка  : 0x0
        Ожидание           : 0x0

Имя_службы: DPS
Выводимое_имя: Служба политики диагностики
        Тип                : 30  WIN32  
        Состояние          : 4  RUNNING 
                                (STOPPABLE, NOT_PAUSABLE, ACCEPTS_SHUTDOWN)
        Код_выхода_Win32   : 0  (0x0)
        Код_выхода_службы  : 0  (0x0)
        Контрольная_точка  : 0x0
        Ожидание           : 0x0

Имя_службы: DsSvc
Выводимое_имя: Служба совместного доступа к данным
        Тип                : 30  WIN32  
        Состояние          : 4  RUNNING 
                                (STOPPABLE, NOT_PAUSABLE, ACCEPTS_PRESHUTDOWN)
        Код_выхода_Win32   : 0  (0x0)
        Код_выхода_службы  : 0  (0x0)
        Контрольная_точка  : 0x0
        Ожидание           : 0x0

Имя_службы: DusmSvc
Выводимое_имя: Использование данных
        Тип                : 10  WIN32_OWN_PROCESS  
        Состояние          : 4  RUNNING 
                                (STOPPABLE, NOT_PAUSABLE, IGNORES_SHUTDOWN)
        Код_выхода_Win32   : 0  (0x0)
        Код_выхода_службы  : 0  (0x0)
        Контрольная_точка  : 0x0
        Ожидание           : 0x0

Имя_службы: EventLog
Выводимое_имя: Журнал событий Windows
        Тип                : 30  WIN32  
        Состояние          : 4  RUNNING 
                                (STOPPABLE, NOT_PAUSABLE, ACCEPTS_SHUTDOWN)
        Код_выхода_Win32   : 0  (0x0)
        Код_выхода_службы  : 0  (0x0)
        Контрольная_точка  : 0x0
        Ожидание           : 0x0

Имя_службы: EventSystem
Выводимое_имя: Система событий COM+
        Тип                : 30  WIN32  
        Состояние          : 4  RUNNING 
                                (STOPPABLE, NOT_PAUSABLE, IGNORES_SHUTDOWN)
        Код_выхода_Win32   : 0  (0x0)
        Код_выхода_службы  : 0  (0x0)
        Контрольная_точка  : 0x0
        Ожидание           : 0x0

Имя_службы: EvtEng
Выводимое_имя: Intel(R) PROSet/Wireless Event Log
        Тип                : 10  WIN32_OWN_PROCESS  
        Состояние          : 4  RUNNING 
                                (STOPPABLE, NOT_PAUSABLE, IGNORES_SHUTDOWN)
        Код_выхода_Win32   : 0  (0x0)
        Код_выхода_службы  : 0  (0x0)
        Контрольная_точка  : 0x0
        Ожидание           : 0x0

Имя_службы: FontCache
Выводимое_имя: Служба кэша шрифтов Windows
        Тип                : 30  WIN32  
        Состояние          : 4  RUNNING 
                                (STOPPABLE, NOT_PAUSABLE, ACCEPTS_SHUTDOWN)
        Код_выхода_Win32   : 0  (0x0)
        Код_выхода_службы  : 0  (0x0)
        Контрольная_точка  : 0x0
        Ожидание           : 0x0

Имя_службы: hns
Выводимое_имя: Сетевая служба узла
        Тип                : 30  WIN32  
        Состояние          : 4  RUNNING 
                                (STOPPABLE, NOT_PAUSABLE, ACCEPTS_PRESHUTDOWN)
        Код_выхода_Win32   : 0  (0x0)
        Код_выхода_службы  : 0  (0x0)
        Контрольная_точка  : 0x0
        Ожидание           : 0x0

Имя_службы: IBMPMSVC
Выводимое_имя: Lenovo PM Service
        Тип                : 10  WIN32_OWN_PROCESS  
        Состояние          : 4  RUNNING 
                                (STOPPABLE, NOT_PAUSABLE, IGNORES_SHUTDOWN)
        Код_выхода_Win32   : 0  (0x0)
        Код_выхода_службы  : 0  (0x0)
        Контрольная_точка  : 0x0
        Ожидание           : 0x0

Имя_службы: ibtsiva
Выводимое_имя: Intel Bluetooth Service
        Тип                : 10  WIN32_OWN_PROCESS  
        Состояние          : 4  RUNNING 
                                (STOPPABLE, NOT_PAUSABLE, ACCEPTS_SHUTDOWN)
        Код_выхода_Win32   : 0  (0x0)
        Код_выхода_службы  : 0  (0x0)
        Контрольная_точка  : 0x0
        Ожидание           : 0x0

Имя_службы: igfxCUIService2.0.0.0
Выводимое_имя: Intel(R) HD Graphics Control Panel Service
        Тип                : 10  WIN32_OWN_PROCESS  
        Состояние          : 4  RUNNING 
                                (STOPPABLE, NOT_PAUSABLE, IGNORES_SHUTDOWN)
        Код_выхода_Win32   : 0  (0x0)
        Код_выхода_службы  : 0  (0x0)
        Контрольная_точка  : 0x0
        Ожидание           : 0x0

Имя_службы: ImControllerService
Выводимое_имя: System Interface Foundation Service
        Тип                : 10  WIN32_OWN_PROCESS  
        Состояние          : 4  RUNNING 
                                (STOPPABLE, NOT_PAUSABLE, ACCEPTS_SHUTDOWN)
        Код_выхода_Win32   : 0  (0x0)
        Код_выхода_службы  : 0  (0x0)
        Контрольная_точка  : 0x0
        Ожидание           : 0x0

Имя_службы: InstallService
Выводимое_имя: Служба установки Microsoft Store
        Тип                : 10  WIN32_OWN_PROCESS  
        Состояние          : 4  RUNNING 
                                (STOPPABLE, NOT_PAUSABLE, IGNORES_SHUTDOWN)
        Код_выхода_Win32   : 0  (0x0)
        Код_выхода_службы  : 0  (0x0)
        Контрольная_точка  : 0x0
        Ожидание           : 0x0

Имя_службы: Intel(R) Capability Licensing Service TCP IP Interface
Выводимое_имя: Intel(R) Capability Licensing Service TCP IP Interface
        Тип                : 10  WIN32_OWN_PROCESS  
        Состояние          : 4  RUNNING 
                                (STOPPABLE, NOT_PAUSABLE, IGNORES_SHUTDOWN)
        Код_выхода_Win32   : 0  (0x0)
        Код_выхода_службы  : 0  (0x0)
        Контрольная_точка  : 0x0
        Ожидание           : 0x0

Имя_службы: iphlpsvc
Выводимое_имя: Вспомогательная служба IP
        Тип                : 30  WIN32  
        Состояние          : 4  RUNNING 
                                (STOPPABLE, NOT_PAUSABLE, IGNORES_SHUTDOWN)
        Код_выхода_Win32   : 0  (0x0)
        Код_выхода_службы  : 0  (0x0)
        Контрольная_точка  : 0x0
        Ожидание           : 0x0

Имя_службы: jhi_service
Выводимое_имя: Intel(R) Dynamic Application Loader Host Interface Service
        Тип                : 10  WIN32_OWN_PROCESS  
        Состояние          : 4  RUNNING 
                                (STOPPABLE, NOT_PAUSABLE, IGNORES_SHUTDOWN)
        Код_выхода_Win32   : 0  (0x0)
        Код_выхода_службы  : 0  (0x0)
        Контрольная_точка  : 0x0
        Ожидание           : 0x0

Имя_службы: KeyIso
Выводимое_имя: Изоляция ключей CNG
        Тип                : 20  WIN32_SHARE_PROCESS  
        Состояние          : 4  RUNNING 
                                (STOPPABLE, NOT_PAUSABLE, IGNORES_SHUTDOWN)
        Код_выхода_Win32   : 0  (0x0)
        Код_выхода_службы  : 0  (0x0)
        Контрольная_точка  : 0x0
        Ожидание           : 0x0

Имя_службы: LanmanServer
Выводимое_имя: Сервер
        Тип                : 30  WIN32  
        Состояние          : 4  RUNNING 
                                (STOPPABLE, NOT_PAUSABLE, IGNORES_SHUTDOWN)
        Код_выхода_Win32   : 0  (0x0)
        Код_выхода_службы  : 0  (0x0)
        Контрольная_точка  : 0x0
        Ожидание           : 0x0

Имя_службы: LanmanWorkstation
Выводимое_имя: Рабочая станция
        Тип                : 30  WIN32  
        Состояние          : 4  RUNNING 
                                (STOPPABLE, PAUSABLE, IGNORES_SHUTDOWN)
        Код_выхода_Win32   : 0  (0x0)
        Код_выхода_службы  : 0  (0x0)
        Контрольная_точка  : 0x0
        Ожидание           : 0x0

Имя_службы: Lenovo Instant On
Выводимое_имя: Lenovo EasyResume Service
        Тип                : 10  WIN32_OWN_PROCESS  
        Состояние          : 4  RUNNING 
                                (STOPPABLE, PAUSABLE, ACCEPTS_PRESHUTDOWN)
        Код_выхода_Win32   : 0  (0x0)
        Код_выхода_службы  : 0  (0x0)
        Контрольная_точка  : 0x0
        Ожидание           : 0x0

Имя_службы: LenovoVantageService
Выводимое_имя: LenovoVantageService
        Тип                : 10  WIN32_OWN_PROCESS  
        Состояние          : 4  RUNNING 
                                (STOPPABLE, PAUSABLE, ACCEPTS_SHUTDOWN)
        Код_выхода_Win32   : 0  (0x0)
        Код_выхода_службы  : 0  (0x0)
        Контрольная_точка  : 0x0
        Ожидание           : 0x0

Имя_службы: lfsvc
Выводимое_имя: Служба географического положения
        Тип                : 30  WIN32  
        Состояние          : 4  RUNNING 
                                (STOPPABLE, NOT_PAUSABLE, IGNORES_SHUTDOWN)
        Код_выхода_Win32   : 0  (0x0)
        Код_выхода_службы  : 0  (0x0)
        Контрольная_точка  : 0x0
        Ожидание           : 0x0

Имя_службы: LicenseManager
Выводимое_имя: Служба Windows License Manager
        Тип                : 30  WIN32  
        Состояние          : 4  RUNNING 
                                (STOPPABLE, NOT_PAUSABLE, IGNORES_SHUTDOWN)
        Код_выхода_Win32   : 0  (0x0)
        Код_выхода_службы  : 0  (0x0)
        Контрольная_точка  : 0x0
        Ожидание           : 0x0

Имя_службы: lmhosts
Выводимое_имя: Модуль поддержки NetBIOS через TCP/IP
        Тип                : 30  WIN32  
        Состояние          : 4  RUNNING 
                                (STOPPABLE, NOT_PAUSABLE, IGNORES_SHUTDOWN)
        Код_выхода_Win32   : 0  (0x0)
        Код_выхода_службы  : 0  (0x0)
        Контрольная_точка  : 0x0
        Ожидание           : 0x0

Имя_службы: LMS
Выводимое_имя: Intel(R) Management and Security Application Local Management Service
        Тип                : 10  WIN32_OWN_PROCESS  
        Состояние          : 4  RUNNING 
                                (STOPPABLE, NOT_PAUSABLE, ACCEPTS_SHUTDOWN)
        Код_выхода_Win32   : 0  (0x0)
        Код_выхода_службы  : 0  (0x0)
        Контрольная_точка  : 0x0
        Ожидание           : 0x0

Имя_службы: LPlatSvc
Выводимое_имя: Lenovo Platform Service
        Тип                : 10  WIN32_OWN_PROCESS  
        Состояние          : 4  RUNNING 
                                (STOPPABLE, NOT_PAUSABLE, ACCEPTS_PRESHUTDOWN)
        Код_выхода_Win32   : 0  (0x0)
        Код_выхода_службы  : 0  (0x0)
        Контрольная_точка  : 0x0
        Ожидание           : 0x0

Имя_службы: LSM
Выводимое_имя: Диспетчер локальных сеансов
        Тип                : 30  WIN32  
        Состояние          : 4  RUNNING 
                                (NOT_STOPPABLE, NOT_PAUSABLE, IGNORES_SHUTDOWN)
        Код_выхода_Win32   : 0  (0x0)
        Код_выхода_службы  : 0  (0x0)
        Контрольная_точка  : 0x0
        Ожидание           : 0x0

Имя_службы: mpssvc
Выводимое_имя: Брандмауэр Защитника Windows
        Тип                : 20  WIN32_SHARE_PROCESS  
        Состояние          : 4  RUNNING 
                                (NOT_STOPPABLE, NOT_PAUSABLE, IGNORES_SHUTDOWN)
        Код_выхода_Win32   : 0  (0x0)
        Код_выхода_службы  : 0  (0x0)
        Контрольная_точка  : 0x0
        Ожидание           : 0x0

Имя_службы: NcbService
Выводимое_имя: Посредник подключений к сети
        Тип                : 30  WIN32  
        Состояние          : 4  RUNNING 
                                (STOPPABLE, NOT_PAUSABLE, IGNORES_SHUTDOWN)
        Код_выхода_Win32   : 0  (0x0)
        Код_выхода_службы  : 0  (0x0)
        Контрольная_точка  : 0x0
        Ожидание           : 0x0

Имя_службы: Netman
Выводимое_имя: Сетевые подключения
        Тип                : 30  WIN32  
        Состояние          : 4  RUNNING 
                                (STOPPABLE, NOT_PAUSABLE, IGNORES_SHUTDOWN)
        Код_выхода_Win32   : 0  (0x0)
        Код_выхода_службы  : 0  (0x0)
        Контрольная_точка  : 0x0
        Ожидание           : 0x0

Имя_службы: netprofm
Выводимое_имя: Служба списка сетей
        Тип                : 30  WIN32  
        Состояние          : 4  RUNNING 
                                (STOPPABLE, NOT_PAUSABLE, IGNORES_SHUTDOWN)
        Код_выхода_Win32   : 0  (0x0)
        Код_выхода_службы  : 0  (0x0)
        Контрольная_точка  : 0x0
        Ожидание           : 0x0

Имя_службы: NgcCtnrSvc
Выводимое_имя: Контейнер службы Microsoft Passport
        Тип                : 30  WIN32  
        Состояние          : 4  RUNNING 
                                (STOPPABLE, NOT_PAUSABLE, ACCEPTS_PRESHUTDOWN)
        Код_выхода_Win32   : 0  (0x0)
        Код_выхода_службы  : 0  (0x0)
        Контрольная_точка  : 0x0
        Ожидание           : 0x0

Имя_службы: NgcSvc
Выводимое_имя: Служба Microsoft Passport
        Тип                : 30  WIN32  
        Состояние          : 4  RUNNING 
                                (STOPPABLE, NOT_PAUSABLE, IGNORES_SHUTDOWN)
        Код_выхода_Win32   : 0  (0x0)
        Код_выхода_службы  : 0  (0x0)
        Контрольная_точка  : 0x0
        Ожидание           : 0x0

Имя_службы: NlaSvc
Выводимое_имя: Служба сведений о подключенных сетях
        Тип                : 30  WIN32  
        Состояние          : 4  RUNNING 
                                (STOPPABLE, NOT_PAUSABLE, IGNORES_SHUTDOWN)
        Код_выхода_Win32   : 0  (0x0)
        Код_выхода_службы  : 0  (0x0)
        Контрольная_точка  : 0x0
        Ожидание           : 0x0

Имя_службы: nsi
Выводимое_имя: Служба интерфейса сохранения сети
        Тип                : 30  WIN32  
        Состояние          : 4  RUNNING 
                                (STOPPABLE, NOT_PAUSABLE, IGNORES_SHUTDOWN)
        Код_выхода_Win32   : 0  (0x0)
        Код_выхода_службы  : 0  (0x0)
        Контрольная_точка  : 0x0
        Ожидание           : 0x0

Имя_службы: nvagent
Выводимое_имя: Служба виртуализации сети
        Тип                : 30  WIN32  
        Состояние          : 4  RUNNING 
                                (STOPPABLE, NOT_PAUSABLE, ACCEPTS_SHUTDOWN)
        Код_выхода_Win32   : 0  (0x0)
        Код_выхода_службы  : 0  (0x0)
        Контрольная_точка  : 0x0
        Ожидание           : 0x0

Имя_службы: PcaSvc
Выводимое_имя: Служба помощника по совместимости программ
        Тип                : 30  WIN32  
        Состояние          : 4  RUNNING 
                                (STOPPABLE, NOT_PAUSABLE, ACCEPTS_SHUTDOWN)
        Код_выхода_Win32   : 0  (0x0)
        Код_выхода_службы  : 0  (0x0)
        Контрольная_точка  : 0x0
        Ожидание           : 0x0

Имя_службы: PhoneSvc
Выводимое_имя: Телефонная связь
        Тип                : 30  WIN32  
        Состояние          : 4  RUNNING 
                                (STOPPABLE, NOT_PAUSABLE, IGNORES_SHUTDOWN)
        Код_выхода_Win32   : 0  (0x0)
        Код_выхода_службы  : 0  (0x0)
        Контрольная_точка  : 0x0
        Ожидание           : 0x0

Имя_службы: PlugPlay
Выводимое_имя: Plug and Play
        Тип                : 30  WIN32  
        Состояние          : 4  RUNNING 
                                (STOPPABLE, NOT_PAUSABLE, ACCEPTS_SHUTDOWN)
        Код_выхода_Win32   : 0  (0x0)
        Код_выхода_службы  : 0  (0x0)
        Контрольная_точка  : 0x0
        Ожидание           : 0x0

Имя_службы: PolicyAgent
Выводимое_имя: Агент политики IPsec
        Тип                : 30  WIN32  
        Состояние          : 4  RUNNING 
                                (STOPPABLE, NOT_PAUSABLE, ACCEPTS_SHUTDOWN)
        Код_выхода_Win32   : 0  (0x0)
        Код_выхода_службы  : 0  (0x0)
        Контрольная_точка  : 0x0
        Ожидание           : 0x0

Имя_службы: Power
Выводимое_имя: Питание
        Тип                : 20  WIN32_SHARE_PROCESS  
        Состояние          : 4  RUNNING 
                                (NOT_STOPPABLE, NOT_PAUSABLE, IGNORES_SHUTDOWN)
        Код_выхода_Win32   : 0  (0x0)
        Код_выхода_службы  : 0  (0x0)
        Контрольная_точка  : 0x0
        Ожидание           : 0x0

Имя_службы: ProfSvc
Выводимое_имя: Служба профилей пользователей
        Тип                : 30  WIN32  
        Состояние          : 4  RUNNING 
                                (STOPPABLE, NOT_PAUSABLE, ACCEPTS_SHUTDOWN)
        Код_выхода_Win32   : 0  (0x0)
        Код_выхода_службы  : 0  (0x0)
        Контрольная_точка  : 0x0
        Ожидание           : 0x0

Имя_службы: RasMan
Выводимое_имя: Диспетчер подключений удаленного доступа
        Тип                : 20  WIN32_SHARE_PROCESS  
        Состояние          : 4  RUNNING 
                                (STOPPABLE, NOT_PAUSABLE, ACCEPTS_SHUTDOWN)
        Код_выхода_Win32   : 0  (0x0)
        Код_выхода_службы  : 0  (0x0)
        Контрольная_точка  : 0x0
        Ожидание           : 0x0

Имя_службы: RegSrvc
Выводимое_имя: Intel(R) PROSet/Wireless Registry Service
        Тип                : 10  WIN32_OWN_PROCESS  
        Состояние          : 4  RUNNING 
                                (STOPPABLE, NOT_PAUSABLE, IGNORES_SHUTDOWN)
        Код_выхода_Win32   : 0  (0x0)
        Код_выхода_службы  : 0  (0x0)
        Контрольная_точка  : 0x0
        Ожидание           : 0x0

Имя_службы: RmSvc
Выводимое_имя: Служба управления радио
        Тип                : 30  WIN32  
        Состояние          : 4  RUNNING 
                                (STOPPABLE, NOT_PAUSABLE, IGNORES_SHUTDOWN)
        Код_выхода_Win32   : 0  (0x0)
        Код_выхода_службы  : 0  (0x0)
        Контрольная_точка  : 0x0
        Ожидание           : 0x0

Имя_службы: RpcEptMapper
Выводимое_имя: Сопоставитель конечных точек RPC
        Тип                : 20  WIN32_SHARE_PROCESS  
        Состояние          : 4  RUNNING 
                                (NOT_STOPPABLE, NOT_PAUSABLE, IGNORES_SHUTDOWN)
        Код_выхода_Win32   : 0  (0x0)
        Код_выхода_службы  : 0  (0x0)
        Контрольная_точка  : 0x0
        Ожидание           : 0x0

Имя_службы: RpcSs
Выводимое_имя: Удаленный вызов процедур (RPC)
        Тип                : 20  WIN32_SHARE_PROCESS  
        Состояние          : 4  RUNNING 
                                (NOT_STOPPABLE, NOT_PAUSABLE, IGNORES_SHUTDOWN)
        Код_выхода_Win32   : 0  (0x0)
        Код_выхода_службы  : 0  (0x0)
        Контрольная_точка  : 0x0
        Ожидание           : 0x0

Имя_службы: SamSs
Выводимое_имя: Диспетчер учетных записей безопасности
        Тип                : 20  WIN32_SHARE_PROCESS  
        Состояние          : 4  RUNNING 
                                (NOT_STOPPABLE, NOT_PAUSABLE, IGNORES_SHUTDOWN)
        Код_выхода_Win32   : 0  (0x0)
        Код_выхода_службы  : 0  (0x0)
        Контрольная_точка  : 0x0
        Ожидание           : 0x0

Имя_службы: SAService
Выводимое_имя: Conexant SmartAudio service
        Тип                : 10  WIN32_OWN_PROCESS  
        Состояние          : 4  RUNNING 
                                (STOPPABLE, NOT_PAUSABLE, IGNORES_SHUTDOWN)
        Код_выхода_Win32   : 0  (0x0)
        Код_выхода_службы  : 0  (0x0)
        Контрольная_точка  : 0x0
        Ожидание           : 0x0

Имя_службы: Schedule
Выводимое_имя: Планировщик заданий
        Тип                : 30  WIN32  
        Состояние          : 4  RUNNING 
                                (STOPPABLE, NOT_PAUSABLE, ACCEPTS_SHUTDOWN)
        Код_выхода_Win32   : 0  (0x0)
        Код_выхода_службы  : 0  (0x0)
        Контрольная_точка  : 0x0
        Ожидание           : 0x0

Имя_службы: SecurityHealthService
Выводимое_имя: Служба "Безопасность Windows"
        Тип                : 10  WIN32_OWN_PROCESS  
        Состояние          : 4  RUNNING 
                                (NOT_STOPPABLE, NOT_PAUSABLE, ACCEPTS_PRESHUTDOWN)
        Код_выхода_Win32   : 0  (0x0)
        Код_выхода_службы  : 0  (0x0)
        Контрольная_точка  : 0x0
        Ожидание           : 0x0

Имя_службы: SEMgrSvc
Выводимое_имя: Диспетчер платежей и NFC/защищенных элементов
        Тип                : 10  WIN32_OWN_PROCESS  
        Состояние          : 4  RUNNING 
                                (STOPPABLE, NOT_PAUSABLE, IGNORES_SHUTDOWN)
        Код_выхода_Win32   : 0  (0x0)
        Код_выхода_службы  : 0  (0x0)
        Контрольная_точка  : 0x0
        Ожидание           : 0x0

Имя_службы: SENS
Выводимое_имя: Служба уведомления о системных событиях
        Тип                : 30  WIN32  
        Состояние          : 4  RUNNING 
                                (STOPPABLE, NOT_PAUSABLE, IGNORES_SHUTDOWN)
        Код_выхода_Win32   : 0  (0x0)
        Код_выхода_службы  : 0  (0x0)
        Контрольная_точка  : 0x0
        Ожидание           : 0x0

Имя_службы: SgrmBroker
Выводимое_имя: Брокер мониторинга среды выполнения System Guard
        Тип                : 10  WIN32_OWN_PROCESS  
        Состояние          : 4  RUNNING 
                                (NOT_STOPPABLE, NOT_PAUSABLE, ACCEPTS_SHUTDOWN)
        Код_выхода_Win32   : 0  (0x0)
        Код_выхода_службы  : 0  (0x0)
        Контрольная_точка  : 0x0
        Ожидание           : 0x0

Имя_службы: SharedAccess
Выводимое_имя: Общий доступ к подключению к Интернету (ICS)
        Тип                : 30  WIN32  
        Состояние          : 4  RUNNING 
                                (STOPPABLE, NOT_PAUSABLE, IGNORES_SHUTDOWN)
        Код_выхода_Win32   : 0  (0x0)
        Код_выхода_службы  : 0  (0x0)
        Контрольная_точка  : 0x0
        Ожидание           : 0x0

Имя_службы: ShellHWDetection
Выводимое_имя: Определение оборудования оболочки
        Тип                : 30  WIN32  
        Состояние          : 4  RUNNING 
                                (STOPPABLE, NOT_PAUSABLE, IGNORES_SHUTDOWN)
        Код_выхода_Win32   : 0  (0x0)
        Код_выхода_службы  : 0  (0x0)
        Контрольная_точка  : 0x0
        Ожидание           : 0x0

Имя_службы: Spooler
Выводимое_имя: Диспетчер печати
        Тип                : 110  WIN32_OWN_PROCESS  (interactive)
        Состояние          : 4  RUNNING 
                                (STOPPABLE, NOT_PAUSABLE, IGNORES_SHUTDOWN)
        Код_выхода_Win32   : 0  (0x0)
        Код_выхода_службы  : 0  (0x0)
        Контрольная_точка  : 0x0
        Ожидание           : 0x0

Имя_службы: SSDPSRV
Выводимое_имя: Обнаружение SSDP
        Тип                : 30  WIN32  
        Состояние          : 4  RUNNING 
                                (STOPPABLE, NOT_PAUSABLE, ACCEPTS_SHUTDOWN)
        Код_выхода_Win32   : 0  (0x0)
        Код_выхода_службы  : 0  (0x0)
        Контрольная_точка  : 0x0
        Ожидание           : 0x0

Имя_службы: SstpSvc
Выводимое_имя: Служба SSTP
        Тип                : 30  WIN32  
        Состояние          : 4  RUNNING 
                                (STOPPABLE, NOT_PAUSABLE, ACCEPTS_SHUTDOWN)
        Код_выхода_Win32   : 0  (0x0)
        Код_выхода_службы  : 0  (0x0)
        Контрольная_точка  : 0x0
        Ожидание           : 0x0

Имя_службы: StateRepository
Выводимое_имя: Служба репозитория состояний
        Тип                : 30  WIN32  
        Состояние          : 4  RUNNING 
                                (STOPPABLE, NOT_PAUSABLE, ACCEPTS_SHUTDOWN)
        Код_выхода_Win32   : 0  (0x0)
        Код_выхода_службы  : 0  (0x0)
        Контрольная_точка  : 0x0
        Ожидание           : 0x0

Имя_службы: stisvc
Выводимое_имя: Служба загрузки изображений Windows (WIA)
        Тип                : 10  WIN32_OWN_PROCESS  
        Состояние          : 4  RUNNING 
                                (STOPPABLE, PAUSABLE, ACCEPTS_SHUTDOWN)
        Код_выхода_Win32   : 0  (0x0)
        Код_выхода_службы  : 0  (0x0)
        Контрольная_точка  : 0x0
        Ожидание           : 0x0

Имя_службы: StorSvc
Выводимое_имя: Служба хранилища
        Тип                : 30  WIN32  
        Состояние          : 4  RUNNING 
                                (STOPPABLE, NOT_PAUSABLE, IGNORES_SHUTDOWN)
        Код_выхода_Win32   : 0  (0x0)
        Код_выхода_службы  : 0  (0x0)
        Контрольная_точка  : 0x0
        Ожидание           : 0x0

Имя_службы: SynTPEnhService
Выводимое_имя: SynTPEnh Caller Service
        Тип                : 10  WIN32_OWN_PROCESS  
        Состояние          : 4  RUNNING 
                                (STOPPABLE, NOT_PAUSABLE, ACCEPTS_SHUTDOWN)
        Код_выхода_Win32   : 0  (0x0)
        Код_выхода_службы  : 0  (0x0)
        Контрольная_точка  : 0x0
        Ожидание           : 0x0

Имя_службы: SysMain
Выводимое_имя: SysMain
        Тип                : 30  WIN32  
        Состояние          : 4  RUNNING 
                                (STOPPABLE, NOT_PAUSABLE, ACCEPTS_SHUTDOWN)
        Код_выхода_Win32   : 0  (0x0)
        Код_выхода_службы  : 0  (0x0)
        Контрольная_точка  : 0x0
        Ожидание           : 0x0

Имя_службы: SystemEventsBroker
Выводимое_имя: Брокер системных событий
        Тип                : 20  WIN32_SHARE_PROCESS  
        Состояние          : 4  RUNNING 
                                (STOPPABLE, NOT_PAUSABLE, IGNORES_SHUTDOWN)
        Код_выхода_Win32   : 0  (0x0)
        Код_выхода_службы  : 0  (0x0)
        Контрольная_точка  : 0x0
        Ожидание           : 0x0

Имя_службы: TabletInputService
Выводимое_имя: Служба сенсорной клавиатуры и панели рукописного ввода
        Тип                : 30  WIN32  
        Состояние          : 4  RUNNING 
                                (NOT_STOPPABLE, NOT_PAUSABLE, IGNORES_SHUTDOWN)
        Код_выхода_Win32   : 0  (0x0)
        Код_выхода_службы  : 0  (0x0)
        Контрольная_точка  : 0x0
        Ожидание           : 0x0

Имя_службы: TapiSrv
Выводимое_имя: Телефония
        Тип                : 30  WIN32  
        Состояние          : 4  RUNNING 
                                (STOPPABLE, PAUSABLE, IGNORES_SHUTDOWN)
        Код_выхода_Win32   : 0  (0x0)
        Код_выхода_службы  : 0  (0x0)
        Контрольная_точка  : 0x0
        Ожидание           : 0x0

Имя_службы: Themes
Выводимое_имя: Темы
        Тип                : 30  WIN32  
        Состояние          : 4  RUNNING 
                                (STOPPABLE, NOT_PAUSABLE, IGNORES_SHUTDOWN)
        Код_выхода_Win32   : 0  (0x0)
        Код_выхода_службы  : 0  (0x0)
        Контрольная_точка  : 0x0
        Ожидание           : 0x0

Имя_службы: TimeBrokerSvc
Выводимое_имя: Брокер времени
        Тип                : 30  WIN32  
        Состояние          : 4  RUNNING 
                                (STOPPABLE, NOT_PAUSABLE, IGNORES_SHUTDOWN)
        Код_выхода_Win32   : 0  (0x0)
        Код_выхода_службы  : 0  (0x0)
        Контрольная_точка  : 0x0
        Ожидание           : 0x0

Имя_службы: TokenBroker
Выводимое_имя: Диспетчер учетных веб-записей
        Тип                : 30  WIN32  
        Состояние          : 4  RUNNING 
                                (STOPPABLE, NOT_PAUSABLE, IGNORES_SHUTDOWN)
        Код_выхода_Win32   : 0  (0x0)
        Код_выхода_службы  : 0  (0x0)
        Контрольная_точка  : 0x0
        Ожидание           : 0x0

Имя_службы: TPHKLOAD
Выводимое_имя: Lenovo Hotkey Client Loader
        Тип                : 10  WIN32_OWN_PROCESS  
        Состояние          : 4  RUNNING 
                                (STOPPABLE, NOT_PAUSABLE, IGNORES_SHUTDOWN)
        Код_выхода_Win32   : 0  (0x0)
        Код_выхода_службы  : 0  (0x0)
        Контрольная_точка  : 0x0
        Ожидание           : 0x0

Имя_службы: TrkWks
Выводимое_имя: Клиент отслеживания изменившихся связей
        Тип                : 30  WIN32  
        Состояние          : 4  RUNNING 
                                (STOPPABLE, NOT_PAUSABLE, ACCEPTS_SHUTDOWN)
        Код_выхода_Win32   : 0  (0x0)
        Код_выхода_службы  : 0  (0x0)
        Контрольная_точка  : 0x0
        Ожидание           : 0x0

Имя_службы: UserManager
Выводимое_имя: Диспетчер пользователей
        Тип                : 30  WIN32  
        Состояние          : 4  RUNNING 
                                (STOPPABLE, NOT_PAUSABLE, IGNORES_SHUTDOWN)
        Код_выхода_Win32   : 0  (0x0)
        Код_выхода_службы  : 0  (0x0)
        Контрольная_точка  : 0x0
        Ожидание           : 0x0

Имя_службы: UsoSvc
Выводимое_имя: Служба оркестратора обновлений
        Тип                : 30  WIN32  
        Состояние          : 4  RUNNING 
                                (STOPPABLE, NOT_PAUSABLE, ACCEPTS_SHUTDOWN)
        Код_выхода_Win32   : 0  (0x0)
        Код_выхода_службы  : 0  (0x0)
        Контрольная_точка  : 0x0
        Ожидание           : 0x0

Имя_службы: VaultSvc
Выводимое_имя: Диспетчер учетных данных
        Тип                : 20  WIN32_SHARE_PROCESS  
        Состояние          : 4  RUNNING 
                                (STOPPABLE, NOT_PAUSABLE, ACCEPTS_SHUTDOWN)
        Код_выхода_Win32   : 0  (0x0)
        Код_выхода_службы  : 0  (0x0)
        Контрольная_точка  : 0x0
        Ожидание           : 0x0

Имя_службы: VBoxSDS
Выводимое_имя: VirtualBox system service
        Тип                : 10  WIN32_OWN_PROCESS  
        Состояние          : 4  RUNNING 
                                (STOPPABLE, NOT_PAUSABLE, IGNORES_SHUTDOWN)
        Код_выхода_Win32   : 0  (0x0)
        Код_выхода_службы  : 0  (0x0)
        Контрольная_точка  : 0x0
        Ожидание           : 0x0

Имя_службы: vmcompute
Выводимое_имя: Служба вычисления узлов Hyper-V
        Тип                : 10  WIN32_OWN_PROCESS  
        Состояние          : 4  RUNNING 
                                (STOPPABLE, NOT_PAUSABLE, IGNORES_SHUTDOWN)
        Код_выхода_Win32   : 0  (0x0)
        Код_выхода_службы  : 0  (0x0)
        Контрольная_точка  : 0x0
        Ожидание           : 0x0

Имя_службы: vmms
Выводимое_имя: Управление виртуальными машинами Hyper-V
        Тип                : 10  WIN32_OWN_PROCESS  
        Состояние          : 4  RUNNING 
                                (STOPPABLE, NOT_PAUSABLE, ACCEPTS_PRESHUTDOWN)
        Код_выхода_Win32   : 0  (0x0)
        Код_выхода_службы  : 0  (0x0)
        Контрольная_точка  : 0x0
        Ожидание           : 0x0

Имя_службы: WbioSrvc
Выводимое_имя: Биометрическая служба Windows
        Тип                : 30  WIN32  
        Состояние          : 4  RUNNING 
                                (STOPPABLE, NOT_PAUSABLE, ACCEPTS_PRESHUTDOWN)
        Код_выхода_Win32   : 0  (0x0)
        Код_выхода_службы  : 0  (0x0)
        Контрольная_точка  : 0x0
        Ожидание           : 0x0

Имя_службы: Wcmsvc
Выводимое_имя: Диспетчер подключений Windows
        Тип                : 10  WIN32_OWN_PROCESS  
        Состояние          : 4  RUNNING 
                                (STOPPABLE, NOT_PAUSABLE, ACCEPTS_SHUTDOWN)
        Код_выхода_Win32   : 0  (0x0)
        Код_выхода_службы  : 0  (0x0)
        Контрольная_точка  : 0x0
        Ожидание           : 0x0

Имя_службы: WdiServiceHost
Выводимое_имя: Узел службы диагностики
        Тип                : 30  WIN32  
        Состояние          : 4  RUNNING 
                                (STOPPABLE, NOT_PAUSABLE, ACCEPTS_SHUTDOWN)
        Код_выхода_Win32   : 0  (0x0)
        Код_выхода_службы  : 0  (0x0)
        Контрольная_точка  : 0x0
        Ожидание           : 0x0

Имя_службы: WdNisSvc
Выводимое_имя: Служба проверки сети Windows Defender Antivirus
        Тип                : 10  WIN32_OWN_PROCESS  
        Состояние          : 4  RUNNING 
                                (STOPPABLE, NOT_PAUSABLE, IGNORES_SHUTDOWN)
        Код_выхода_Win32   : 0  (0x0)
        Код_выхода_службы  : 0  (0x0)
        Контрольная_точка  : 0x0
        Ожидание           : 0x0

Имя_службы: WebClient
Выводимое_имя: Веб-клиент
        Тип                : 30  WIN32  
        Состояние          : 4  RUNNING 
                                (STOPPABLE, NOT_PAUSABLE, IGNORES_SHUTDOWN)
        Код_выхода_Win32   : 0  (0x0)
        Код_выхода_службы  : 0  (0x0)
        Контрольная_точка  : 0x0
        Ожидание           : 0x0

Имя_службы: WinDefend
Выводимое_имя: Антивирусная программа "Защитника Windows"
        Тип                : 10  WIN32_OWN_PROCESS  
        Состояние          : 4  RUNNING 
                                (STOPPABLE, NOT_PAUSABLE, ACCEPTS_SHUTDOWN)
        Код_выхода_Win32   : 0  (0x0)
        Код_выхода_службы  : 0  (0x0)
        Контрольная_точка  : 0x0
        Ожидание           : 0x0

Имя_службы: WinHttpAutoProxySvc
Выводимое_имя: Служба автоматического обнаружения веб-прокси WinHTTP
        Тип                : 30  WIN32  
        Состояние          : 4  RUNNING 
                                (NOT_STOPPABLE, NOT_PAUSABLE, ACCEPTS_SHUTDOWN)
        Код_выхода_Win32   : 0  (0x0)
        Код_выхода_службы  : 0  (0x0)
        Контрольная_точка  : 0x0
        Ожидание           : 0x0

Имя_службы: Winmgmt
Выводимое_имя: Инструментарий управления Windows
        Тип                : 30  WIN32  
        Состояние          : 4  RUNNING 
                                (STOPPABLE, PAUSABLE, ACCEPTS_SHUTDOWN)
        Код_выхода_Win32   : 0  (0x0)
        Код_выхода_службы  : 0  (0x0)
        Контрольная_точка  : 0x0
        Ожидание           : 0x0

Имя_службы: WlanSvc
Выводимое_имя: Служба автонастройки WLAN
        Тип                : 10  WIN32_OWN_PROCESS  
        Состояние          : 4  RUNNING 
                                (STOPPABLE, NOT_PAUSABLE, ACCEPTS_SHUTDOWN)
        Код_выхода_Win32   : 0  (0x0)
        Код_выхода_службы  : 0  (0x0)
        Контрольная_точка  : 0x0
        Ожидание           : 0x0

Имя_службы: WpnService
Выводимое_имя: Служба системы push-уведомлений Windows
        Тип                : 30  WIN32  
        Состояние          : 4  RUNNING 
                                (STOPPABLE, NOT_PAUSABLE, IGNORES_SHUTDOWN)
        Код_выхода_Win32   : 0  (0x0)
        Код_выхода_службы  : 0  (0x0)
        Контрольная_точка  : 0x0
        Ожидание           : 0x0

Имя_службы: wscsvc
Выводимое_имя: Центр обеспечения безопасности
        Тип                : 30  WIN32  
        Состояние          : 4  RUNNING 
                                (STOPPABLE, NOT_PAUSABLE, ACCEPTS_SHUTDOWN)
        Код_выхода_Win32   : 0  (0x0)
        Код_выхода_службы  : 0  (0x0)
        Контрольная_точка  : 0x0
        Ожидание           : 0x0

Имя_службы: WSearch
Выводимое_имя: Windows Search
        Тип                : 10  WIN32_OWN_PROCESS  
        Состояние          : 4  RUNNING 
                                (STOPPABLE, NOT_PAUSABLE, ACCEPTS_SHUTDOWN)
        Код_выхода_Win32   : 0  (0x0)
        Код_выхода_службы  : 0  (0x0)
        Контрольная_точка  : 0x0
        Ожидание           : 0x0

Имя_службы: wuauserv
Выводимое_имя: Центр обновления Windows
        Тип                : 30  WIN32  
        Состояние          : 4  RUNNING 
                                (STOPPABLE, NOT_PAUSABLE, ACCEPTS_PRESHUTDOWN)
        Код_выхода_Win32   : 0  (0x0)
        Код_выхода_службы  : 0  (0x0)
        Контрольная_точка  : 0x0
        Ожидание           : 0x0

Имя_службы: XblAuthManager
Выводимое_имя: Диспетчер проверки подлинности Xbox Live
        Тип                : 30  WIN32  
        Состояние          : 4  RUNNING 
                                (STOPPABLE, NOT_PAUSABLE, IGNORES_SHUTDOWN)
        Код_выхода_Win32   : 0  (0x0)
        Код_выхода_службы  : 0  (0x0)
        Контрольная_точка  : 0x0
        Ожидание           : 0x0

Имя_службы: ZeroConfigService
Выводимое_имя: Intel(R) PROSet/Wireless Zero Configuration Service
        Тип                : 10  WIN32_OWN_PROCESS  
        Состояние          : 4  RUNNING 
                                (STOPPABLE, NOT_PAUSABLE, ACCEPTS_PRESHUTDOWN)
        Код_выхода_Win32   : 0  (0x0)
        Код_выхода_службы  : 0  (0x0)
        Контрольная_точка  : 0x0
        Ожидание           : 0x0

Имя_службы: cbdhsvc_31732
Выводимое_имя: cbdhsvc_31732
        Тип                : f0   ERROR  
        Состояние          : 4  RUNNING 
                                (STOPPABLE, NOT_PAUSABLE, IGNORES_SHUTDOWN)
        Код_выхода_Win32   : 0  (0x0)
        Код_выхода_службы  : 0  (0x0)
        Контрольная_точка  : 0x0
        Ожидание           : 0x0

Имя_службы: CDPUserSvc_31732
Выводимое_имя: CDPUserSvc_31732
        Тип                : f0   ERROR  
        Состояние          : 4  RUNNING 
                                (STOPPABLE, NOT_PAUSABLE, IGNORES_SHUTDOWN)
        Код_выхода_Win32   : 0  (0x0)
        Код_выхода_службы  : 0  (0x0)
        Контрольная_точка  : 0x0
        Ожидание           : 0x0

Имя_службы: DevicePickerUserSvc_31732
Выводимое_имя: DevicePickerUserSvc_31732
        Тип                : f0   ERROR  
        Состояние          : 4  RUNNING 
                                (STOPPABLE, NOT_PAUSABLE, IGNORES_SHUTDOWN)
        Код_выхода_Win32   : 0  (0x0)
        Код_выхода_службы  : 0  (0x0)
        Контрольная_точка  : 0x0
        Ожидание           : 0x0

Имя_службы: DevicesFlowUserSvc_31732
Выводимое_имя: DevicesFlowUserSvc_31732
        Тип                : f0   ERROR  
        Состояние          : 4  RUNNING 
                                (STOPPABLE, NOT_PAUSABLE, IGNORES_SHUTDOWN)
        Код_выхода_Win32   : 0  (0x0)
        Код_выхода_службы  : 0  (0x0)
        Контрольная_точка  : 0x0
        Ожидание           : 0x0

Имя_службы: LxssManagerUser_31732
Выводимое_имя: LxssManagerUser_31732
        Тип                : f0   ERROR  
        Состояние          : 4  RUNNING 
                                (STOPPABLE, NOT_PAUSABLE, IGNORES_SHUTDOWN)
        Код_выхода_Win32   : 0  (0x0)
        Код_выхода_службы  : 0  (0x0)
        Контрольная_точка  : 0x0
        Ожидание           : 0x0

Имя_службы: OneSyncSvc_31732
Выводимое_имя: OneSyncSvc_31732
        Тип                : e0  USER_SHARE_PROCESS INSTANCE  
        Состояние          : 4  RUNNING 
                                (STOPPABLE, NOT_PAUSABLE, IGNORES_SHUTDOWN)
        Код_выхода_Win32   : 0  (0x0)
        Код_выхода_службы  : 0  (0x0)
        Контрольная_точка  : 0x0
        Ожидание           : 0x0

Имя_службы: PimIndexMaintenanceSvc_31732
Выводимое_имя: PimIndexMaintenanceSvc_31732
        Тип                : e0  USER_SHARE_PROCESS INSTANCE  
        Состояние          : 4  RUNNING 
                                (STOPPABLE, NOT_PAUSABLE, ACCEPTS_PRESHUTDOWN)
        Код_выхода_Win32   : 0  (0x0)
        Код_выхода_службы  : 0  (0x0)
        Контрольная_точка  : 0x0
        Ожидание           : 0x0

Имя_службы: UnistoreSvc_31732
Выводимое_имя: UnistoreSvc_31732
        Тип                : e0  USER_SHARE_PROCESS INSTANCE  
        Состояние          : 4  RUNNING 
                                (STOPPABLE, NOT_PAUSABLE, ACCEPTS_PRESHUTDOWN)
        Код_выхода_Win32   : 0  (0x0)
        Код_выхода_службы  : 0  (0x0)
        Контрольная_точка  : 0x0
        Ожидание           : 0x0

Имя_службы: UserDataSvc_31732
Выводимое_имя: UserDataSvc_31732
        Тип                : e0  USER_SHARE_PROCESS INSTANCE  
        Состояние          : 4  RUNNING 
                                (STOPPABLE, NOT_PAUSABLE, ACCEPTS_PRESHUTDOWN)
        Код_выхода_Win32   : 0  (0x0)
        Код_выхода_службы  : 0  (0x0)
        Контрольная_точка  : 0x0
        Ожидание           : 0x0

Имя_службы: WpnUserService_31732
Выводимое_имя: WpnUserService_31732
        Тип                : f0   ERROR  
        Состояние          : 4  RUNNING 
                                (STOPPABLE, NOT_PAUSABLE, ACCEPTS_PRESHUTDOWN)
        Код_выхода_Win32   : 0  (0x0)
        Код_выхода_службы  : 0  (0x0)
        Контрольная_точка  : 0x0
        Ожидание           : 0x0
