Запущены следующие службы Windows:

   cbdhsvc_31732
   CDPUserSvc_31732
   Conexant Audio Message Service
   Conexant SmartAudio service
   CoreMessaging
   CxUtilSvc
   DevicePickerUserSvc_31732
   DevicesFlowUserSvc_31732
   DHCP-клиент
   DNS-клиент
   Dolby DAX2 API Service
   Intel Bluetooth Service
   Intel(R) Capability Licensing Service TCP IP Interface
   Intel(R) Content Protection HDCP Service
   Intel(R) Content Protection HECI Service
   Intel(R) Dynamic Application Loader Host Interface Service
   Intel(R) HD Graphics Control Panel Service
   Intel(R) Management and Security Application Local Management Service
   Intel(R) PROSet/Wireless Event Log
   Intel(R) PROSet/Wireless Registry Service
   Intel(R) PROSet/Wireless Zero Configuration Service
   IntelR SGX AESM
   Lenovo EasyResume Service
   Lenovo Hotkey Client Loader
   Lenovo Platform Service
   Lenovo PM Service
   LenovoVantageService
   LxssManagerUser_31732
   OneSyncSvc_31732
   PimIndexMaintenanceSvc_31732
   Plug and Play
   SynTPEnh Caller Service
   SysMain
   System Interface Foundation Service
   UnistoreSvc_31732
   UserDataSvc_31732
   VirtualBox system service
   Windows Audio
   Windows Search
   WpnUserService_31732
   Агент политики IPsec
   Антивирусная программа "Защитника Windows"
   Биометрическая служба Windows
   Брандмауэр Защитника Windows
   Брокер времени
   Брокер мониторинга среды выполнения System Guard
   Брокер системных событий
   Веб-клиент
   Вспомогательная служба IP
   Диспетчер локальных сеансов
   Диспетчер печати
   Диспетчер платежей и NFC/защищенных элементов
   Диспетчер подключений Windows
   Диспетчер подключений удаленного доступа
   Диспетчер пользователей
   Диспетчер проверки подлинности Xbox Live
   Диспетчер учетных веб-записей
   Диспетчер учетных данных
   Диспетчер учетных записей безопасности
   Журнал событий Windows
   Изоляция ключей CNG
   Инструментарий управления Windows
   Использование данных
   Клиент отслеживания изменившихся связей
   Контейнер службы Microsoft Passport
   Модуль запуска процессов DCOM-сервера
   Модуль поддержки NetBIOS через TCP/IP
   Обнаружение SSDP
   Общий доступ к подключению к Интернету (ICS)
   Определение оборудования оболочки
   Оптимизация доставки
   Питание
   Планировщик заданий
   Посредник подключений к сети
   Рабочая станция
   Сведения о приложении
   Сервер
   Сетевая служба узла
   Сетевые подключения
   Система событий COM+
   Служба "Безопасность Windows"
   Служба AVCTP
   Служба Microsoft Office "Нажми и работай"
   Служба Microsoft Passport
   Служба SSTP
   Служба Windows License Manager
   Служба автоматического обнаружения веб-прокси WinHTTP
   Служба автонастройки WLAN
   Служба базовой фильтрации
   Служба виртуализации сети
   Служба вычисления узлов Hyper-V
   Служба географического положения
   Служба диспетчера доступа к возможностям
   Служба загрузки изображений Windows (WIA)
   Служба звукового шлюза Bluetooth
   Служба интерфейса сохранения сети
   Служба инфраструктуры фоновых задач
   Служба кэша шрифтов Windows
   Служба оркестратора обновлений
   Служба платформы подключенных устройств
   Служба поддержки Bluetooth
   Служба политики диагностики
   Служба политики отображения
   Служба помощника по совместимости программ
   Служба проверки сети Windows Defender Antivirus
   Служба профилей пользователей
   Служба развертывания AppX (AppXSVC)
   Служба репозитория состояний
   Служба сведений о подключенных сетях
   Служба сенсорной клавиатуры и панели рукописного ввода
   Служба системы push-уведомлений Windows
   Служба совместного доступа к данным
   Служба сопоставления устройств
   Служба списка сетей
   Служба уведомления о системных событиях
   Служба улучшения отображения
   Служба управления радио
   Служба установки Microsoft Store
   Служба хранилища
   Службы криптографии
   Сопоставитель конечных точек RPC
   Средство построения конечных точек Windows Audio
   Телефония
   Телефонная связь
   Темы
   Удаленный вызов процедур (RPC)
   Узел системы диагностики
   Узел службы диагностики
   Управление виртуальными машинами Hyper-V
   Управление приложениями
   Функциональные возможности для подключенных пользователей и телеметрия
   Центр обеспечения безопасности

Команда выполнена успешно.

