	(Warning: ) warning, (EE) error, (NI) not implemented, (??) unknown.
[    23.213] (Warning: ) The directory "/usr/share/fonts/X11/cyrillic" does not exist.
[    23.398] (Warning: ) Falling back to old probe method for fbdev
[    23.400] (Warning: ) Falling back to old probe method for vesa
	(++) from command line, (!!) notice, (Information: ) informational,
[    23.219] (Information: ) The server relies on udev to provide the list of input devices.
[    23.219] (Information: ) Loader magic: 0x5586896f5e00
[    23.219] (Information: ) Module ABI versions:
[    23.220] (Information: ) systemd-logind: logind integration requires -keeptty and -keeptty was not provided, disabling logind integration
[    23.220] (Information: ) xfree86: Adding drm device (/dev/dri/card0)
[    23.232] (Information: ) LoadModule: "glx"
[    23.250] (Information: ) Loading /usr/lib/xorg/modules/extensions/libglx.so
[    23.338] (Information: ) Module glx: vendor="X.Org Foundation"
[    23.338] (Information: ) LoadModule: "modesetting"
[    23.338] (Information: ) Loading /usr/lib/xorg/modules/drivers/modesetting_drv.so
[    23.353] (Information: ) Module modesetting: vendor="X.Org Foundation"
[    23.354] (Information: ) LoadModule: "fbdev"
[    23.354] (Information: ) Loading /usr/lib/xorg/modules/drivers/fbdev_drv.so
[    23.358] (Information: ) Module fbdev: vendor="X.Org Foundation"
[    23.358] (Information: ) LoadModule: "vesa"
[    23.358] (Information: ) Loading /usr/lib/xorg/modules/drivers/vesa_drv.so
[    23.365] (Information: ) Module vesa: vendor="X.Org Foundation"
[    23.365] (Information: ) modesetting: Driver for Modesetting Kernel Drivers: kms
[    23.365] (Information: ) FBDEV: driver for framebuffer: fbdev
[    23.365] (Information: ) VESA: driver for VESA chipsets: vesa
[    23.397] (Information: ) modeset(0): using drv /dev/dri/card0
[    23.398] (Information: ) Loading sub module "fbdevhw"
[    23.398] (Information: ) LoadModule: "fbdevhw"
[    23.399] (Information: ) Loading /usr/lib/xorg/modules/libfbdevhw.so
[    23.400] (Information: ) Module fbdevhw: vendor="X.Org Foundation"
[    23.400] (Information: ) modeset(0): Creating default Display subsection in Screen section
[    23.401] (Information: ) Loading sub module "glamoregl"
[    23.401] (Information: ) LoadModule: "glamoregl"
[    23.401] (Information: ) Loading /usr/lib/xorg/modules/libglamoregl.so
[    23.460] (Information: ) Module glamoregl: vendor="X.Org Foundation"
[    23.460] (Information: ) glamor: OpenGL accelerated X.org driver based.
[    23.704] (Information: ) glamor: EGL version 1.4 (DRI2):
[    23.759] (Information: ) modeset(0): glamor initialized
[    23.762] (Information: ) modeset(0): Output eDP-1 has no monitor section
[    23.793] (Information: ) modeset(0): Output HDMI-1 has no monitor section
[    23.796] (Information: ) modeset(0): EDID for output eDP-1
[    23.796] (Information: ) modeset(0): Manufacturer: BOE  Model: 6a7  Serial#: 0
[    23.796] (Information: ) modeset(0): Year: 2015  Week: 1
[    23.796] (Information: ) modeset(0): EDID Version: 1.4
[    23.796] (Information: ) modeset(0): Digital Display Input
[    23.796] (Information: ) modeset(0): 6 bits per channel
[    23.796] (Information: ) modeset(0): Digital interface is DisplayPort
[    23.796] (Information: ) modeset(0): Max Image Size [cm]: horiz.: 29  vert.: 17
[    23.796] (Information: ) modeset(0): Gamma: 2.20
[    23.796] (Information: ) modeset(0): No DPMS capabilities specified
[    23.796] (Information: ) modeset(0): Supported color encodings: RGB 4:4:4 YCrCb 4:4:4 
[    23.796] (Information: ) modeset(0): First detailed timing is preferred mode
[    23.796] (Information: ) modeset(0): Preferred mode is native pixel format and refresh rate
[    23.796] (Information: ) modeset(0): redX: 0.599 redY: 0.353   greenX: 0.337 greenY: 0.568
[    23.796] (Information: ) modeset(0): blueX: 0.167 blueY: 0.141   whiteX: 0.312 whiteY: 0.328
[    23.796] (Information: ) modeset(0): Manufacturer's mask: 0
[    23.796] (Information: ) modeset(0): Supported detailed timing:
[    23.796] (Information: ) modeset(0): clock: 138.8 MHz   Image Size:  294 x 165 mm
[    23.796] (Information: ) modeset(0): h_active: 1920  h_sync: 1968  h_sync_end 2000 h_blank_end 2080 h_border: 0
[    23.796] (Information: ) modeset(0): v_active: 1080  v_sync: 1083  v_sync_end 1088 v_blanking: 1112 v_border: 0
[    23.796] (Information: ) modeset(0): Supported detailed timing:
[    23.796] (Information: ) modeset(0): clock: 111.0 MHz   Image Size:  294 x 165 mm
[    23.796] (Information: ) modeset(0): h_active: 1920  h_sync: 1968  h_sync_end 2000 h_blank_end 2080 h_border: 0
[    23.796] (Information: ) modeset(0): v_active: 1080  v_sync: 1083  v_sync_end 1088 v_blanking: 1112 v_border: 0
[    23.796] (Information: ) modeset(0): Unknown vendor-specific block 0
[    23.796] (Information: ) modeset(0): EDID (in hex):
[    23.796] (Information: ) modeset(0): 	00ffffffffffff0009e5a70600000000
[    23.796] (Information: ) modeset(0): 	01190104951d11780a56c0995a56912a
[    23.796] (Information: ) modeset(0): 	24505400000001010101010101010101
[    23.796] (Information: ) modeset(0): 	010101010101363680a0703820403020
[    23.796] (Information: ) modeset(0): 	350026a51000001a5e2b80a070382040
[    23.796] (Information: ) modeset(0): 	3020350026a51000001a000000fe0036
[    23.796] (Information: ) modeset(0): 	4e4b4458804e56313346484d00000000
[    23.796] (Information: ) modeset(0): 	00004101940010000009010a202000d6
[    23.797] (Information: ) modeset(0): Printing probed modes for output eDP-1
[    23.797] (Information: ) modeset(0): Modeline "1920x1080"x60.0  138.78  1920 1968 2000 2080  1080 1083 1088 1112 +hsync -vsync (66.7 kHz eP)
[    23.797] (Information: ) modeset(0): Modeline "1920x1080"x59.9  138.50  1920 1968 2000 2080  1080 1083 1088 1111 +hsync -vsync (66.6 kHz d)
[    23.797] (Information: ) modeset(0): Modeline "1920x1080"x48.0  111.02  1920 1968 2000 2080  1080 1083 1088 1112 +hsync -vsync (53.4 kHz e)
[    23.797] (Information: ) modeset(0): Modeline "1680x1050"x60.0  146.25  1680 1784 1960 2240  1050 1053 1059 1089 -hsync +vsync (65.3 kHz d)
[    23.797] (Information: ) modeset(0): Modeline "1680x1050"x59.9  119.00  1680 1728 1760 1840  1050 1053 1059 1080 +hsync -vsync (64.7 kHz d)
[    23.797] (Information: ) modeset(0): Modeline "1600x1024"x60.2  103.12  1600 1600 1656 1664  1024 1024 1029 1030 +hsync +vsync (62.0 kHz d)
[    23.797] (Information: ) modeset(0): Modeline "1400x1050"x60.0  122.00  1400 1488 1640 1880  1050 1052 1064 1082 +hsync +vsync (64.9 kHz d)
[    23.797] (Information: ) modeset(0): Modeline "1280x1024"x60.0  108.00  1280 1328 1440 1688  1024 1025 1028 1066 +hsync +vsync (64.0 kHz d)
[    23.797] (Information: ) modeset(0): Modeline "1440x900"x59.9  106.50  1440 1520 1672 1904  900 903 909 934 -hsync +vsync (55.9 kHz d)
[    23.797] (Information: ) modeset(0): Modeline "1280x960"x60.0  108.00  1280 1376 1488 1800  960 961 964 1000 +hsync +vsync (60.0 kHz d)
[    23.797] (Information: ) modeset(0): Modeline "1360x768"x59.8   84.75  1360 1432 1568 1776  768 771 781 798 -hsync +vsync (47.7 kHz d)
[    23.797] (Information: ) modeset(0): Modeline "1360x768"x60.0   72.00  1360 1408 1440 1520  768 771 781 790 +hsync -vsync (47.4 kHz d)
[    23.797] (Information: ) modeset(0): Modeline "1152x864"x60.0   81.62  1152 1216 1336 1520  864 865 868 895 -hsync +vsync (53.7 kHz d)
[    23.797] (Information: ) modeset(0): Modeline "1024x768"x120.1  133.47  1024 1100 1212 1400  768 768 770 794 doublescan -hsync +vsync (95.3 kHz d)
[    23.797] (Information: ) modeset(0): Modeline "1024x768"x60.0   65.00  1024 1048 1184 1344  768 771 777 806 -hsync -vsync (48.4 kHz d)
[    23.797] (Information: ) modeset(0): Modeline "960x720"x120.0  117.00  960 1024 1128 1300  720 720 722 750 doublescan -hsync +vsync (90.0 kHz d)
[    23.797] (Information: ) modeset(0): Modeline "928x696"x120.1  109.15  928 976 1088 1264  696 696 698 719 doublescan -hsync +vsync (86.4 kHz d)
[    23.797] (Information: ) modeset(0): Modeline "896x672"x120.0  102.40  896 960 1060 1224  672 672 674 697 doublescan -hsync +vsync (83.7 kHz d)
[    23.797] (Information: ) modeset(0): Modeline "960x600"x120.0   77.00  960 984 1000 1040  600 601 604 617 doublescan +hsync -vsync (74.0 kHz d)
[    23.797] (Information: ) modeset(0): Modeline "960x540"x120.0   69.25  960 984 1000 1040  540 541 544 555 doublescan +hsync -vsync (66.6 kHz d)
[    23.797] (Information: ) modeset(0): Modeline "800x600"x120.0   81.00  800 832 928 1080  600 600 602 625 doublescan +hsync +vsync (75.0 kHz d)
[    23.797] (Information: ) modeset(0): Modeline "800x600"x60.3   40.00  800 840 968 1056  600 601 605 628 +hsync +vsync (37.9 kHz d)
[    23.797] (Information: ) modeset(0): Modeline "800x600"x56.2   36.00  800 824 896 1024  600 601 603 625 +hsync +vsync (35.2 kHz d)
[    23.797] (Information: ) modeset(0): Modeline "840x525"x120.0   73.12  840 892 980 1120  525 526 529 544 doublescan -hsync +vsync (65.3 kHz d)
[    23.797] (Information: ) modeset(0): Modeline "840x525"x119.8   59.50  840 864 880 920  525 526 529 540 doublescan +hsync -vsync (64.7 kHz d)
[    23.797] (Information: ) modeset(0): Modeline "800x512"x120.3   51.56  800 800 828 832  512 512 514 515 doublescan +hsync +vsync (62.0 kHz d)
[    23.797] (Information: ) modeset(0): Modeline "700x525"x120.0   61.00  700 744 820 940  525 526 532 541 doublescan +hsync +vsync (64.9 kHz d)
[    23.797] (Information: ) modeset(0): Modeline "640x512"x120.0   54.00  640 664 720 844  512 512 514 533 doublescan +hsync +vsync (64.0 kHz d)
[    23.797] (Information: ) modeset(0): Modeline "720x450"x119.8   53.25  720 760 836 952  450 451 454 467 doublescan -hsync +vsync (55.9 kHz d)
[    23.797] (Information: ) modeset(0): Modeline "640x480"x120.0   54.00  640 688 744 900  480 480 482 500 doublescan +hsync +vsync (60.0 kHz d)
[    23.797] (Information: ) modeset(0): Modeline "640x480"x59.9   25.18  640 656 752 800  480 490 492 525 -hsync -vsync (31.5 kHz d)
[    23.797] (Information: ) modeset(0): Modeline "680x384"x119.6   42.38  680 716 784 888  384 385 390 399 doublescan -hsync +vsync (47.7 kHz d)
[    23.797] (Information: ) modeset(0): Modeline "680x384"x119.9   36.00  680 704 720 760  384 385 390 395 doublescan +hsync -vsync (47.4 kHz d)
[    23.797] (Information: ) modeset(0): Modeline "576x432"x120.1   40.81  576 608 668 760  432 432 434 447 doublescan -hsync +vsync (53.7 kHz d)
[    23.797] (Information: ) modeset(0): Modeline "512x384"x120.0   32.50  512 524 592 672  384 385 388 403 doublescan -hsync -vsync (48.4 kHz d)
[    23.797] (Information: ) modeset(0): Modeline "400x300"x120.6   20.00  400 420 484 528  300 300 302 314 doublescan +hsync +vsync (37.9 kHz d)
[    23.797] (Information: ) modeset(0): Modeline "400x300"x112.7   18.00  400 412 448 512  300 300 301 312 doublescan +hsync +vsync (35.2 kHz d)
[    23.797] (Information: ) modeset(0): Modeline "320x240"x120.1   12.59  320 328 376 400  240 245 246 262 doublescan -hsync -vsync (31.5 kHz d)
[    23.826] (Information: ) modeset(0): EDID for output HDMI-1
[    23.826] (Information: ) modeset(0): Manufacturer: BNQ  Model: 78e4  Serial#: 21573
[    23.826] (Information: ) modeset(0): Year: 2019  Week: 4
[    23.826] (Information: ) modeset(0): EDID Version: 1.3
[    23.826] (Information: ) modeset(0): Digital Display Input
[    23.826] (Information: ) modeset(0): Max Image Size [cm]: horiz.: 53  vert.: 30
[    23.826] (Information: ) modeset(0): Gamma: 2.20
[    23.826] (Information: ) modeset(0): DPMS capabilities: Off
[    23.826] (Information: ) modeset(0): Supported color encodings: RGB 4:4:4 YCrCb 4:4:4 
[    23.826] (Information: ) modeset(0): Default color space is primary color space
[    23.826] (Information: ) modeset(0): First detailed timing is preferred mode
[    23.826] (Information: ) modeset(0): redX: 0.662 redY: 0.330   greenX: 0.315 greenY: 0.612
[    23.826] (Information: ) modeset(0): blueX: 0.146 blueY: 0.082   whiteX: 0.313 whiteY: 0.329
[    23.826] (Information: ) modeset(0): Supported established timings:
[    23.826] (Information: ) modeset(0): 720x400@70Hz
[    23.826] (Information: ) modeset(0): 640x480@60Hz
[    23.826] (Information: ) modeset(0): 640x480@75Hz
[    23.826] (Information: ) modeset(0): 800x600@60Hz
[    23.826] (Information: ) modeset(0): 800x600@75Hz
[    23.826] (Information: ) modeset(0): 832x624@75Hz
[    23.826] (Information: ) modeset(0): 1024x768@60Hz
[    23.826] (Information: ) modeset(0): 1024x768@75Hz
[    23.826] (Information: ) modeset(0): 1280x1024@75Hz
[    23.826] (Information: ) modeset(0): 1152x864@75Hz
[    23.826] (Information: ) modeset(0): Manufacturer's mask: 0
[    23.826] (Information: ) modeset(0): Supported standard timings:
[    23.826] (Information: ) modeset(0): #0: hsize: 1920  vsize 1080  refresh: 60  vid: 49361
[    23.826] (Information: ) modeset(0): #1: hsize: 1280  vsize 720  refresh: 60  vid: 49281
[    23.826] (Information: ) modeset(0): #2: hsize: 1280  vsize 800  refresh: 60  vid: 129
[    23.826] (Information: ) modeset(0): #3: hsize: 1280  vsize 1024  refresh: 60  vid: 32897
[    23.826] (Information: ) modeset(0): #4: hsize: 1600  vsize 900  refresh: 60  vid: 49321
[    23.826] (Information: ) modeset(0): #5: hsize: 1680  vsize 1050  refresh: 60  vid: 179
[    23.826] (Information: ) modeset(0): Supported detailed timing:
[    23.826] (Information: ) modeset(0): clock: 148.5 MHz   Image Size:  527 x 296 mm
[    23.826] (Information: ) modeset(0): h_active: 1920  h_sync: 2008  h_sync_end 2052 h_blank_end 2200 h_border: 0
[    23.826] (Information: ) modeset(0): v_active: 1080  v_sync: 1084  v_sync_end 1089 v_blanking: 1125 v_border: 0
[    23.826] (Information: ) modeset(0): Serial No: R1K01661019
[    23.826] (Information: ) modeset(0): Ranges: V min: 50 V max: 76 Hz, H min: 30 H max: 83 kHz, PixClock max 175 MHz
[    23.826] (Information: ) modeset(0): Monitor name: BenQ GW2470
[    23.826] (Information: ) modeset(0): Supported detailed timing:
[    23.826] (Information: ) modeset(0): clock: 148.5 MHz   Image Size:  527 x 296 mm
[    23.826] (Information: ) modeset(0): h_active: 1920  h_sync: 2008  h_sync_end 2052 h_blank_end 2200 h_border: 0
[    23.826] (Information: ) modeset(0): v_active: 1080  v_sync: 1084  v_sync_end 1089 v_blanking: 1125 v_border: 0
[    23.826] (Information: ) modeset(0): Supported detailed timing:
[    23.826] (Information: ) modeset(0): clock: 74.2 MHz   Image Size:  527 x 296 mm
[    23.826] (Information: ) modeset(0): h_active: 1920  h_sync: 2008  h_sync_end 2052 h_blank_end 2200 h_border: 0
[    23.826] (Information: ) modeset(0): v_active: 540  v_sync: 542  v_sync_end 547 v_blanking: 562 v_border: 0
[    23.826] (Information: ) modeset(0): Supported detailed timing:
[    23.826] (Information: ) modeset(0): clock: 74.2 MHz   Image Size:  527 x 296 mm
[    23.826] (Information: ) modeset(0): h_active: 1280  h_sync: 1390  h_sync_end 1430 h_blank_end 1650 h_border: 0
[    23.826] (Information: ) modeset(0): v_active: 720  v_sync: 725  v_sync_end 730 v_blanking: 750 v_border: 0
[    23.826] (Information: ) modeset(0): Supported detailed timing:
[    23.826] (Information: ) modeset(0): clock: 27.0 MHz   Image Size:  527 x 296 mm
[    23.826] (Information: ) modeset(0): h_active: 720  h_sync: 736  h_sync_end 798 h_blank_end 858 h_border: 0
[    23.826] (Information: ) modeset(0): v_active: 480  v_sync: 489  v_sync_end 495 v_blanking: 525 v_border: 0
[    23.827] (Information: ) modeset(0): Number of EDID sections to follow: 1
[    23.827] (Information: ) modeset(0): EDID (in hex):
[    23.827] (Information: ) modeset(0): 	00ffffffffffff0009d1e47845540000
[    23.827] (Information: ) modeset(0): 	041d010380351e782eaf45a954509c25
[    23.827] (Information: ) modeset(0): 	155054a56b80d1c081c081008180a9c0
[    23.827] (Information: ) modeset(0): 	b30001010101023a801871382d40582c
[    23.827] (Information: ) modeset(0): 	45000f282100001e000000ff0052314b
[    23.827] (Information: ) modeset(0): 	30313636313031390a20000000fd0032
[    23.827] (Information: ) modeset(0): 	4c1e5311000a202020202020000000fc
[    23.827] (Information: ) modeset(0): 	0042656e51204757323437300a200143
[    23.827] (Information: ) modeset(0): 	020322f14f901f051404130312071615
[    23.827] (Information: ) modeset(0): 	01061102230907078301000065030c00
[    23.827] (Information: ) modeset(0): 	1000023a801871382d40582c45000f28
[    23.827] (Information: ) modeset(0): 	2100001e011d8018711c1620582c2500
[    23.827] (Information: ) modeset(0): 	0f282100009e011d007251d01e206e28
[    23.827] (Information: ) modeset(0): 	55000f282100001e8c0ad08a20e02d10
[    23.827] (Information: ) modeset(0): 	103e96000f2821000018000000000000
[    23.827] (Information: ) modeset(0): 	00000000000000000000000000000005
[    23.827] (Information: ) modeset(0): Printing probed modes for output HDMI-1
[    23.827] (Information: ) modeset(0): Modeline "1920x1080"x60.0  148.50  1920 2008 2052 2200  1080 1084 1089 1125 +hsync +vsync (67.5 kHz eP)
[    23.827] (Information: ) modeset(0): Modeline "1920x1080"x50.0  148.50  1920 2448 2492 2640  1080 1084 1089 1125 +hsync +vsync (56.2 kHz e)
[    23.827] (Information: ) modeset(0): Modeline "1920x1080"x59.9  148.35  1920 2008 2052 2200  1080 1084 1089 1125 +hsync +vsync (67.4 kHz e)
[    23.827] (Information: ) modeset(0): Modeline "1920x1080i"x60.0   74.25  1920 2008 2052 2200  1080 1084 1094 1125 interlace +hsync +vsync (33.8 kHz e)
[    23.827] (Information: ) modeset(0): Modeline "1920x1080i"x50.0   74.25  1920 2448 2492 2640  1080 1084 1094 1125 interlace +hsync +vsync (28.1 kHz e)
[    23.827] (Information: ) modeset(0): Modeline "1920x1080i"x59.9   74.18  1920 2008 2052 2200  1080 1084 1094 1125 interlace +hsync +vsync (33.7 kHz e)
[    23.827] (Information: ) modeset(0): Modeline "1680x1050"x59.9  119.00  1680 1728 1760 1840  1050 1053 1059 1080 +hsync -vsync (64.7 kHz e)
[    23.827] (Information: ) modeset(0): Modeline "1600x900"x60.0  108.00  1600 1624 1704 1800  900 901 904 1000 +hsync +vsync (60.0 kHz e)
[    23.827] (Information: ) modeset(0): Modeline "1280x1024"x75.0  135.00  1280 1296 1440 1688  1024 1025 1028 1066 +hsync +vsync (80.0 kHz e)
[    23.827] (Information: ) modeset(0): Modeline "1280x1024"x60.0  108.00  1280 1328 1440 1688  1024 1025 1028 1066 +hsync +vsync (64.0 kHz e)
[    23.827] (Information: ) modeset(0): Modeline "1280x800"x59.9   71.00  1280 1328 1360 1440  800 803 809 823 +hsync -vsync (49.3 kHz e)
[    23.827] (Information: ) modeset(0): Modeline "1152x864"x75.0  108.00  1152 1216 1344 1600  864 865 868 900 +hsync +vsync (67.5 kHz e)
[    23.827] (Information: ) modeset(0): Modeline "1280x720"x60.0   74.25  1280 1390 1430 1650  720 725 730 750 +hsync +vsync (45.0 kHz e)
[    23.827] (Information: ) modeset(0): Modeline "1280x720"x50.0   74.25  1280 1720 1760 1980  720 725 730 750 +hsync +vsync (37.5 kHz e)
[    23.827] (Information: ) modeset(0): Modeline "1280x720"x59.9   74.18  1280 1390 1430 1650  720 725 730 750 +hsync +vsync (45.0 kHz e)
[    23.827] (Information: ) modeset(0): Modeline "1024x768"x75.0   78.75  1024 1040 1136 1312  768 769 772 800 +hsync +vsync (60.0 kHz e)
[    23.827] (Information: ) modeset(0): Modeline "1024x768"x60.0   65.00  1024 1048 1184 1344  768 771 777 806 -hsync -vsync (48.4 kHz e)
[    23.827] (Information: ) modeset(0): Modeline "832x624"x74.6   57.28  832 864 928 1152  624 625 628 667 -hsync -vsync (49.7 kHz e)
[    23.827] (Information: ) modeset(0): Modeline "800x600"x75.0   49.50  800 816 896 1056  600 601 604 625 +hsync +vsync (46.9 kHz e)
[    23.827] (Information: ) modeset(0): Modeline "800x600"x60.3   40.00  800 840 968 1056  600 601 605 628 +hsync +vsync (37.9 kHz e)
[    23.827] (Information: ) modeset(0): Modeline "720x576"x50.0   27.00  720 732 796 864  576 581 586 625 -hsync -vsync (31.2 kHz e)
[    23.827] (Information: ) modeset(0): Modeline "720x576i"x50.0   13.50  720 732 795 864  576 580 586 625 interlace -hsync -vsync (15.6 kHz e)
[    23.827] (Information: ) modeset(0): Modeline "720x480"x60.0   27.03  720 736 798 858  480 489 495 525 -hsync -vsync (31.5 kHz e)
[    23.827] (Information: ) modeset(0): Modeline "720x480"x59.9   27.00  720 736 798 858  480 489 495 525 -hsync -vsync (31.5 kHz e)
[    23.827] (Information: ) modeset(0): Modeline "720x480i"x60.0   13.51  720 739 801 858  480 488 494 525 interlace -hsync -vsync (15.8 kHz e)
[    23.827] (Information: ) modeset(0): Modeline "720x480i"x59.9   13.50  720 739 801 858  480 488 494 525 interlace -hsync -vsync (15.7 kHz e)
[    23.827] (Information: ) modeset(0): Modeline "640x480"x75.0   31.50  640 656 720 840  480 481 484 500 -hsync -vsync (37.5 kHz e)
[    23.827] (Information: ) modeset(0): Modeline "640x480"x60.0   25.20  640 656 752 800  480 490 492 525 -hsync -vsync (31.5 kHz e)
[    23.827] (Information: ) modeset(0): Modeline "640x480"x59.9   25.18  640 656 752 800  480 490 492 525 -hsync -vsync (31.5 kHz e)
[    23.827] (Information: ) modeset(0): Modeline "720x400"x70.1   28.32  720 738 846 900  400 412 414 449 -hsync +vsync (31.5 kHz e)
[    23.827] (Information: ) modeset(0): Output eDP-1 connected
[    23.827] (Information: ) modeset(0): Output HDMI-1 connected
[    23.827] (Information: ) modeset(0): Using spanning desktop for initial modes
[    23.827] (Information: ) modeset(0): Output eDP-1 using initial mode 1920x1080 +0+0
[    23.827] (Information: ) modeset(0): Output HDMI-1 using initial mode 1920x1080 +1920+0
[    23.827] (Information: ) Loading sub module "fb"
[    23.827] (Information: ) LoadModule: "fb"
[    23.828] (Information: ) Loading /usr/lib/xorg/modules/libfb.so
[    23.829] (Information: ) Module fb: vendor="X.Org Foundation"
[    23.829] (Information: ) UnloadModule: "fbdev"
[    23.829] (Information: ) Unloading fbdev
[    23.829] (Information: ) UnloadSubModule: "fbdevhw"
[    23.830] (Information: ) Unloading fbdevhw
[    23.830] (Information: ) UnloadModule: "vesa"
[    23.830] (Information: ) Unloading vesa
[    23.908] (Information: ) modeset(0): RandR 1.2 enabled, ignore the following RandR disabled message.
[    23.934] (Information: ) modeset(0): [DRI2] Setup complete
[    23.934] (Information: ) modeset(0): [DRI2]   DRI driver: i965
[    23.934] (Information: ) modeset(0): [DRI2]   VDPAU driver: i965
[    23.936] (Information: ) SELinux: Disabled on system
[    23.939] (Information: ) AIGLX: enabled GLX_MESA_copy_sub_buffer
[    23.939] (Information: ) AIGLX: enabled GLX_ARB_create_context
[    23.939] (Information: ) AIGLX: enabled GLX_ARB_create_context_profile
[    23.939] (Information: ) AIGLX: enabled GLX_EXT_create_context_es{,2}_profile
[    23.939] (Information: ) AIGLX: enabled GLX_INTEL_swap_event
[    23.939] (Information: ) AIGLX: enabled GLX_SGI_swap_control
[    23.939] (Information: ) AIGLX: enabled GLX_EXT_framebuffer_sRGB
[    23.939] (Information: ) AIGLX: enabled GLX_ARB_fbconfig_float
[    23.939] (Information: ) AIGLX: enabled GLX_EXT_fbconfig_packed_float
[    23.939] (Information: ) AIGLX: GLX_EXT_texture_from_pixmap backed by buffer objects
[    23.939] (Information: ) AIGLX: enabled GLX_ARB_create_context_robustness
[    23.939] (Information: ) AIGLX: Loaded and initialized i965
[    23.939] (Information: ) GLX: Initialized DRI2 GL provider for screen 0
[    23.941] (Information: ) modeset(0): Damage tracking initialized
[    23.941] (Information: ) modeset(0): Setting screen physical size to 1016 x 285
[    24.355] (Information: ) config/udev: Adding input device Power Button (/dev/input/event5)
[    24.355] (Information: ) LoadModule: "libinput"
[    24.356] (Information: ) Loading /usr/lib/xorg/modules/input/libinput_drv.so
[    24.385] (Information: ) Module libinput: vendor="X.Org Foundation"
[    24.385] (Information: ) Using input driver 'libinput' for 'Power Button'
[    24.386] (Information: ) input device 'Power Button', /dev/input/event5 is tagged by udev as: Keyboard
[    24.386] (Information: ) input device 'Power Button', /dev/input/event5 is a keyboard
[    24.404] (Information: ) XINPUT: Adding extended input device "Power Button" (type: KEYBOARD, id 6)
[    24.405] (Information: ) input device 'Power Button', /dev/input/event5 is tagged by udev as: Keyboard
[    24.406] (Information: ) input device 'Power Button', /dev/input/event5 is a keyboard
[    24.407] (Information: ) config/udev: Adding input device Video Bus (/dev/input/event9)
[    24.407] (Information: ) Using input driver 'libinput' for 'Video Bus'
[    24.408] (Information: ) input device 'Video Bus', /dev/input/event9 is tagged by udev as: Keyboard
[    24.408] (Information: ) input device 'Video Bus', /dev/input/event9 is a keyboard
[    24.428] (Information: ) XINPUT: Adding extended input device "Video Bus" (type: KEYBOARD, id 7)
[    24.429] (Information: ) input device 'Video Bus', /dev/input/event9 is tagged by udev as: Keyboard
[    24.429] (Information: ) input device 'Video Bus', /dev/input/event9 is a keyboard
[    24.430] (Information: ) config/udev: Adding input device Power Button (/dev/input/event3)
[    24.430] (Information: ) Using input driver 'libinput' for 'Power Button'
[    24.431] (Information: ) input device 'Power Button', /dev/input/event3 is tagged by udev as: Keyboard
[    24.431] (Information: ) input device 'Power Button', /dev/input/event3 is a keyboard
[    24.452] (Information: ) XINPUT: Adding extended input device "Power Button" (type: KEYBOARD, id 8)
[    24.453] (Information: ) input device 'Power Button', /dev/input/event3 is tagged by udev as: Keyboard
[    24.453] (Information: ) input device 'Power Button', /dev/input/event3 is a keyboard
[    24.454] (Information: ) config/udev: Adding input device Lid Switch (/dev/input/event2)
[    24.454] (Information: ) No input driver specified, ignoring this device.
[    24.454] (Information: ) This device may have been added with another device file.
[    24.455] (Information: ) config/udev: Adding input device Sleep Button (/dev/input/event4)
[    24.455] (Information: ) Using input driver 'libinput' for 'Sleep Button'
[    24.456] (Information: ) input device 'Sleep Button', /dev/input/event4 is tagged by udev as: Keyboard
[    24.456] (Information: ) input device 'Sleep Button', /dev/input/event4 is a keyboard
[    24.476] (Information: ) XINPUT: Adding extended input device "Sleep Button" (type: KEYBOARD, id 9)
[    24.477] (Information: ) input device 'Sleep Button', /dev/input/event4 is tagged by udev as: Keyboard
[    24.477] (Information: ) input device 'Sleep Button', /dev/input/event4 is a keyboard
[    24.479] (Information: ) config/udev: Adding input device Integrated_Webcam_HD (/dev/input/event17)
[    24.479] (Information: ) Using input driver 'libinput' for 'Integrated_Webcam_HD'
[    24.480] (Information: ) input device 'Integrated_Webcam_HD', /dev/input/event17 is tagged by udev as: Keyboard
[    24.480] (Information: ) input device 'Integrated_Webcam_HD', /dev/input/event17 is a keyboard
[    24.516] (Information: ) XINPUT: Adding extended input device "Integrated_Webcam_HD" (type: KEYBOARD, id 10)
[    24.517] (Information: ) input device 'Integrated_Webcam_HD', /dev/input/event17 is tagged by udev as: Keyboard
[    24.517] (Information: ) input device 'Integrated_Webcam_HD', /dev/input/event17 is a keyboard
[    24.519] (Information: ) config/udev: Adding input device ELAN Touchscreen (/dev/input/event15)
[    24.519] (Information: ) Using input driver 'libinput' for 'ELAN Touchscreen'
[    24.520] (Information: ) input device 'ELAN Touchscreen', /dev/input/event15 is tagged by udev as: Touchscreen
[    24.520] (Information: ) input device 'ELAN Touchscreen', /dev/input/event15 is a touch device
[    24.556] (Information: ) XINPUT: Adding extended input device "ELAN Touchscreen" (type: TOUCHSCREEN, id 11)
[    24.558] (Information: ) input device 'ELAN Touchscreen', /dev/input/event15 is tagged by udev as: Touchscreen
[    24.558] (Information: ) input device 'ELAN Touchscreen', /dev/input/event15 is a touch device
[    24.559] (Information: ) config/udev: Adding input device ELAN Touchscreen (/dev/input/mouse1)
[    24.559] (Information: ) No input driver specified, ignoring this device.
[    24.559] (Information: ) This device may have been added with another device file.
[    24.561] (Information: ) config/udev: Adding input device DELL0740:00 06CB:7E7E Touchpad (/dev/input/event16)
[    24.561] (Information: ) Using input driver 'libinput' for 'DELL0740:00 06CB:7E7E Touchpad'
[    24.669] (Information: ) input device 'DELL0740:00 06CB:7E7E Touchpad', /dev/input/event16 is tagged by udev as: Touchpad
[    24.669] (Information: ) input device 'DELL0740:00 06CB:7E7E Touchpad', /dev/input/event16 is a touchpad
[    24.700] (Information: ) XINPUT: Adding extended input device "DELL0740:00 06CB:7E7E Touchpad" (type: TOUCHPAD, id 12)
[    24.702] (Information: ) input device 'DELL0740:00 06CB:7E7E Touchpad', /dev/input/event16 is tagged by udev as: Touchpad
[    24.703] (Information: ) input device 'DELL0740:00 06CB:7E7E Touchpad', /dev/input/event16 is a touchpad
[    24.704] (Information: ) config/udev: Adding input device DELL0740:00 06CB:7E7E Touchpad (/dev/input/mouse2)
[    24.704] (Information: ) No input driver specified, ignoring this device.
[    24.704] (Information: ) This device may have been added with another device file.
[    24.705] (Information: ) config/udev: Adding input device Intel Virtual Button driver (/dev/input/event7)
[    24.705] (Information: ) Using input driver 'libinput' for 'Intel Virtual Button driver'
[    24.706] (Information: ) input device 'Intel Virtual Button driver', /dev/input/event7 is tagged by udev as: Keyboard
[    24.706] (Information: ) input device 'Intel Virtual Button driver', /dev/input/event7 is a keyboard
[    24.724] (Information: ) XINPUT: Adding extended input device "Intel Virtual Button driver" (type: KEYBOARD, id 13)
[    24.725] (Information: ) input device 'Intel Virtual Button driver', /dev/input/event7 is tagged by udev as: Keyboard
[    24.725] (Information: ) input device 'Intel Virtual Button driver', /dev/input/event7 is a keyboard
[    24.726] (Information: ) config/udev: Adding input device HDA Intel PCH Headphone Mic (/dev/input/event10)
[    24.726] (Information: ) No input driver specified, ignoring this device.
[    24.726] (Information: ) This device may have been added with another device file.
[    24.727] (Information: ) config/udev: Adding input device HDA Intel PCH HDMI/DP,pcm=3 (/dev/input/event11)
[    24.727] (Information: ) No input driver specified, ignoring this device.
[    24.727] (Information: ) This device may have been added with another device file.
[    24.728] (Information: ) config/udev: Adding input device HDA Intel PCH HDMI/DP,pcm=7 (/dev/input/event12)
[    24.728] (Information: ) No input driver specified, ignoring this device.
[    24.728] (Information: ) This device may have been added with another device file.
[    24.728] (Information: ) config/udev: Adding input device HDA Intel PCH HDMI/DP,pcm=8 (/dev/input/event13)
[    24.729] (Information: ) No input driver specified, ignoring this device.
[    24.729] (Information: ) This device may have been added with another device file.
[    24.729] (Information: ) config/udev: Adding input device Intel HID events (/dev/input/event6)
[    24.729] (Information: ) Using input driver 'libinput' for 'Intel HID events'
[    24.730] (Information: ) input device 'Intel HID events', /dev/input/event6 is tagged by udev as: Keyboard
[    24.730] (Information: ) input device 'Intel HID events', /dev/input/event6 is a keyboard
[    24.748] (Information: ) XINPUT: Adding extended input device "Intel HID events" (type: KEYBOARD, id 14)
[    24.749] (Information: ) input device 'Intel HID events', /dev/input/event6 is tagged by udev as: Keyboard
[    24.749] (Information: ) input device 'Intel HID events', /dev/input/event6 is a keyboard
[    24.750] (Information: ) config/udev: Adding input device AT Translated Set 2 keyboard (/dev/input/event0)
[    24.750] (Information: ) Using input driver 'libinput' for 'AT Translated Set 2 keyboard'
[    24.752] (Information: ) input device 'AT Translated Set 2 keyboard', /dev/input/event0 is tagged by udev as: Keyboard
[    24.752] (Information: ) input device 'AT Translated Set 2 keyboard', /dev/input/event0 is a keyboard
[    24.780] (Information: ) XINPUT: Adding extended input device "AT Translated Set 2 keyboard" (type: KEYBOARD, id 15)
[    24.781] (Information: ) input device 'AT Translated Set 2 keyboard', /dev/input/event0 is tagged by udev as: Keyboard
[    24.781] (Information: ) input device 'AT Translated Set 2 keyboard', /dev/input/event0 is a keyboard
[    24.782] (Information: ) config/udev: Adding input device SynPS/2 Synaptics TouchPad (/dev/input/event1)
[    24.782] (Information: ) Using input driver 'libinput' for 'SynPS/2 Synaptics TouchPad'
[    24.783] (Information: ) input device 'SynPS/2 Synaptics TouchPad', /dev/input/event1 is tagged by udev as: Touchpad
[    24.783] (Information: ) SynPS/2 Synaptics TouchPad: no resolution or size hints, assuming a size of 69x50mm
[    24.783] (Information: ) input device 'SynPS/2 Synaptics TouchPad', /dev/input/event1 is a touchpad
[    24.820] (Information: ) XINPUT: Adding extended input device "SynPS/2 Synaptics TouchPad" (type: TOUCHPAD, id 16)
[    24.822] (Information: ) input device 'SynPS/2 Synaptics TouchPad', /dev/input/event1 is tagged by udev as: Touchpad
[    24.822] (Information: ) SynPS/2 Synaptics TouchPad: no resolution or size hints, assuming a size of 69x50mm
[    24.822] (Information: ) input device 'SynPS/2 Synaptics TouchPad', /dev/input/event1 is a touchpad
[    24.822] (Information: ) config/udev: Adding input device SynPS/2 Synaptics TouchPad (/dev/input/mouse0)
[    24.823] (Information: ) No input driver specified, ignoring this device.
[    24.823] (Information: ) This device may have been added with another device file.
[    24.823] (Information: ) config/udev: Adding input device PC Speaker (/dev/input/event8)
[    24.823] (Information: ) No input driver specified, ignoring this device.
[    24.823] (Information: ) This device may have been added with another device file.
[    24.825] (Information: ) config/udev: Adding input device Dell WMI hotkeys (/dev/input/event14)
[    24.825] (Information: ) Using input driver 'libinput' for 'Dell WMI hotkeys'
[    24.826] (Information: ) input device 'Dell WMI hotkeys', /dev/input/event14 is tagged by udev as: Keyboard
[    24.826] (Information: ) input device 'Dell WMI hotkeys', /dev/input/event14 is a keyboard
[    24.844] (Information: ) XINPUT: Adding extended input device "Dell WMI hotkeys" (type: KEYBOARD, id 17)
[    24.845] (Information: ) input device 'Dell WMI hotkeys', /dev/input/event14 is tagged by udev as: Keyboard
[    24.845] (Information: ) input device 'Dell WMI hotkeys', /dev/input/event14 is a keyboard
[   237.509] (Information: ) modeset(0): EDID vendor "BNQ", prod id 30948
[   237.510] (Information: ) modeset(0): Using EDID range info for horizontal sync
[   237.510] (Information: ) modeset(0): Using EDID range info for vertical refresh
[   237.510] (Information: ) modeset(0): Printing DDC gathered Modelines:
[   237.510] (Information: ) modeset(0): Modeline "1920x1080"x0.0  148.50  1920 2008 2052 2200  1080 1084 1089 1125 +hsync +vsync (67.5 kHz eP)
[   237.510] (Information: ) modeset(0): Modeline "1920x1080i"x0.0   74.25  1920 2008 2052 2200  1080 1084 1094 1125 interlace +hsync +vsync (33.8 kHz e)
[   237.510] (Information: ) modeset(0): Modeline "1280x720"x0.0   74.25  1280 1390 1430 1650  720 725 730 750 +hsync +vsync (45.0 kHz e)
[   237.510] (Information: ) modeset(0): Modeline "720x480"x0.0   27.00  720 736 798 858  480 489 495 525 -hsync -vsync (31.5 kHz e)
[   237.510] (Information: ) modeset(0): Modeline "800x600"x0.0   40.00  800 840 968 1056  600 601 605 628 +hsync +vsync (37.9 kHz e)
[   237.510] (Information: ) modeset(0): Modeline "640x480"x0.0   31.50  640 656 720 840  480 481 484 500 -hsync -vsync (37.5 kHz e)
[   237.510] (Information: ) modeset(0): Modeline "640x480"x0.0   25.18  640 656 752 800  480 490 492 525 -hsync -vsync (31.5 kHz e)
[   237.510] (Information: ) modeset(0): Modeline "720x400"x0.0   28.32  720 738 846 900  400 412 414 449 -hsync +vsync (31.5 kHz e)
[   237.510] (Information: ) modeset(0): Modeline "1280x1024"x0.0  135.00  1280 1296 1440 1688  1024 1025 1028 1066 +hsync +vsync (80.0 kHz e)
[   237.510] (Information: ) modeset(0): Modeline "1024x768"x0.0   78.75  1024 1040 1136 1312  768 769 772 800 +hsync +vsync (60.0 kHz e)
[   237.510] (Information: ) modeset(0): Modeline "1024x768"x0.0   65.00  1024 1048 1184 1344  768 771 777 806 -hsync -vsync (48.4 kHz e)
[   237.510] (Information: ) modeset(0): Modeline "832x624"x0.0   57.28  832 864 928 1152  624 625 628 667 -hsync -vsync (49.7 kHz e)
[   237.510] (Information: ) modeset(0): Modeline "800x600"x0.0   49.50  800 816 896 1056  600 601 604 625 +hsync +vsync (46.9 kHz e)
[   237.510] (Information: ) modeset(0): Modeline "1152x864"x0.0  108.00  1152 1216 1344 1600  864 865 868 900 +hsync +vsync (67.5 kHz e)
[   237.510] (Information: ) modeset(0): Modeline "1920x1080"x60.0  172.80  1920 2040 2248 2576  1080 1081 1084 1118 -hsync +vsync (67.1 kHz e)
[   237.510] (Information: ) modeset(0): Modeline "1280x720"x60.0   74.48  1280 1336 1472 1664  720 721 724 746 -hsync +vsync (44.8 kHz e)
[   237.510] (Information: ) modeset(0): Modeline "1280x800"x0.0   71.00  1280 1328 1360 1440  800 803 809 823 +hsync -vsync (49.3 kHz e)
[   237.510] (Information: ) modeset(0): Modeline "1280x1024"x0.0  108.00  1280 1328 1440 1688  1024 1025 1028 1066 +hsync +vsync (64.0 kHz e)
[   237.510] (Information: ) modeset(0): Modeline "1600x900"x60.0  119.00  1600 1696 1864 2128  900 901 904 932 -hsync +vsync (55.9 kHz e)
[   237.510] (Information: ) modeset(0): Modeline "1680x1050"x0.0  119.00  1680 1728 1760 1840  1050 1053 1059 1080 +hsync -vsync (64.7 kHz e)
[   237.510] (Information: ) modeset(0): Modeline "720x576"x0.0   27.00  720 732 796 864  576 581 586 625 -hsync -vsync (31.2 kHz e)
[   237.510] (Information: ) modeset(0): Modeline "1920x1080"x0.0   74.25  1920 2558 2602 2750  1080 1084 1089 1125 +hsync +vsync (27.0 kHz e)
[   237.510] (Information: ) modeset(0): Modeline "1440x480i"x0.0   27.00  1440 1478 1602 1716  480 488 494 525 interlace -hsync -vsync (15.7 kHz e)
[   237.510] (Information: ) modeset(0): Modeline "1440x576i"x0.0   27.00  1440 1464 1590 1728  576 580 586 625 interlace -hsync -vsync (15.6 kHz e)
[   237.510] (Information: ) modeset(0): Modeline "1920x1080i"x0.0   74.25  1920 2448 2492 2640  1080 1084 1094 1125 interlace +hsync +vsync (28.1 kHz e)
[   237.510] (Information: ) modeset(0): Modeline "1280x720"x0.0   74.25  1280 1720 1760 1980  720 725 730 750 +hsync +vsync (37.5 kHz e)
[   237.510] (Information: ) modeset(0): Modeline "1440x240"x0.0   27.00  1440 1478 1602 1716  240 244 247 262 -hsync -vsync (15.7 kHz e)
[   237.510] (Information: ) modeset(0): Modeline "1440x288"x0.0   27.00  1440 1464 1590 1728  288 290 293 312 -hsync -vsync (15.6 kHz e)
[   238.425] (Information: ) modeset(0): Allocate new frame buffer 3840x1086 stride
[   242.627] (Information: ) modeset(0): EDID vendor "BNQ", prod id 30948
[   242.627] (Information: ) modeset(0): Using hsync ranges from config file
[   242.627] (Information: ) modeset(0): Using vrefresh ranges from config file
[   242.627] (Information: ) modeset(0): Printing DDC gathered Modelines:
[   242.627] (Information: ) modeset(0): Modeline "1920x1080"x0.0  148.50  1920 2008 2052 2200  1080 1084 1089 1125 +hsync +vsync (67.5 kHz eP)
[   242.627] (Information: ) modeset(0): Modeline "1920x1080i"x0.0   74.25  1920 2008 2052 2200  1080 1084 1094 1125 interlace +hsync +vsync (33.8 kHz e)
[   242.627] (Information: ) modeset(0): Modeline "1280x720"x0.0   74.25  1280 1390 1430 1650  720 725 730 750 +hsync +vsync (45.0 kHz e)
[   242.627] (Information: ) modeset(0): Modeline "720x480"x0.0   27.00  720 736 798 858  480 489 495 525 -hsync -vsync (31.5 kHz e)
[   242.627] (Information: ) modeset(0): Modeline "800x600"x0.0   40.00  800 840 968 1056  600 601 605 628 +hsync +vsync (37.9 kHz e)
[   242.627] (Information: ) modeset(0): Modeline "640x480"x0.0   31.50  640 656 720 840  480 481 484 500 -hsync -vsync (37.5 kHz e)
[   242.627] (Information: ) modeset(0): Modeline "640x480"x0.0   25.18  640 656 752 800  480 490 492 525 -hsync -vsync (31.5 kHz e)
[   242.627] (Information: ) modeset(0): Modeline "720x400"x0.0   28.32  720 738 846 900  400 412 414 449 -hsync +vsync (31.5 kHz e)
[   242.627] (Information: ) modeset(0): Modeline "1280x1024"x0.0  135.00  1280 1296 1440 1688  1024 1025 1028 1066 +hsync +vsync (80.0 kHz e)
[   242.627] (Information: ) modeset(0): Modeline "1024x768"x0.0   78.75  1024 1040 1136 1312  768 769 772 800 +hsync +vsync (60.0 kHz e)
[   242.627] (Information: ) modeset(0): Modeline "1024x768"x0.0   65.00  1024 1048 1184 1344  768 771 777 806 -hsync -vsync (48.4 kHz e)
[   242.627] (Information: ) modeset(0): Modeline "832x624"x0.0   57.28  832 864 928 1152  624 625 628 667 -hsync -vsync (49.7 kHz e)
[   242.627] (Information: ) modeset(0): Modeline "800x600"x0.0   49.50  800 816 896 1056  600 601 604 625 +hsync +vsync (46.9 kHz e)
[   242.627] (Information: ) modeset(0): Modeline "1152x864"x0.0  108.00  1152 1216 1344 1600  864 865 868 900 +hsync +vsync (67.5 kHz e)
[   242.627] (Information: ) modeset(0): Modeline "1920x1080"x60.0  172.80  1920 2040 2248 2576  1080 1081 1084 1118 -hsync +vsync (67.1 kHz e)
[   242.627] (Information: ) modeset(0): Modeline "1280x720"x60.0   74.48  1280 1336 1472 1664  720 721 724 746 -hsync +vsync (44.8 kHz e)
[   242.627] (Information: ) modeset(0): Modeline "1280x800"x0.0   71.00  1280 1328 1360 1440  800 803 809 823 +hsync -vsync (49.3 kHz e)
[   242.627] (Information: ) modeset(0): Modeline "1280x1024"x0.0  108.00  1280 1328 1440 1688  1024 1025 1028 1066 +hsync +vsync (64.0 kHz e)
[   242.627] (Information: ) modeset(0): Modeline "1600x900"x60.0  119.00  1600 1696 1864 2128  900 901 904 932 -hsync +vsync (55.9 kHz e)
[   242.627] (Information: ) modeset(0): Modeline "1680x1050"x0.0  119.00  1680 1728 1760 1840  1050 1053 1059 1080 +hsync -vsync (64.7 kHz e)
[   242.627] (Information: ) modeset(0): Modeline "720x576"x0.0   27.00  720 732 796 864  576 581 586 625 -hsync -vsync (31.2 kHz e)
[   242.627] (Information: ) modeset(0): Modeline "1920x1080"x0.0   74.25  1920 2558 2602 2750  1080 1084 1089 1125 +hsync +vsync (27.0 kHz e)
[   242.627] (Information: ) modeset(0): Modeline "1440x480i"x0.0   27.00  1440 1478 1602 1716  480 488 494 525 interlace -hsync -vsync (15.7 kHz e)
[   242.627] (Information: ) modeset(0): Modeline "1440x576i"x0.0   27.00  1440 1464 1590 1728  576 580 586 625 interlace -hsync -vsync (15.6 kHz e)
[   242.627] (Information: ) modeset(0): Modeline "1920x1080i"x0.0   74.25  1920 2448 2492 2640  1080 1084 1094 1125 interlace +hsync +vsync (28.1 kHz e)
[   242.627] (Information: ) modeset(0): Modeline "1280x720"x0.0   74.25  1280 1720 1760 1980  720 725 730 750 +hsync +vsync (37.5 kHz e)
[   242.627] (Information: ) modeset(0): Modeline "1440x240"x0.0   27.00  1440 1478 1602 1716  240 244 247 262 -hsync -vsync (15.7 kHz e)
[   242.627] (Information: ) modeset(0): Modeline "1440x288"x0.0   27.00  1440 1464 1590 1728  288 290 293 312 -hsync -vsync (15.6 kHz e)
[   243.350] (Information: ) modeset(0): EDID vendor "BNQ", prod id 30948
[   243.350] (Information: ) modeset(0): Using hsync ranges from config file
[   243.350] (Information: ) modeset(0): Using vrefresh ranges from config file
[   243.350] (Information: ) modeset(0): Printing DDC gathered Modelines:
[   243.350] (Information: ) modeset(0): Modeline "1920x1080"x0.0  148.50  1920 2008 2052 2200  1080 1084 1089 1125 +hsync +vsync (67.5 kHz eP)
[   243.350] (Information: ) modeset(0): Modeline "1920x1080i"x0.0   74.25  1920 2008 2052 2200  1080 1084 1094 1125 interlace +hsync +vsync (33.8 kHz e)
[   243.350] (Information: ) modeset(0): Modeline "1280x720"x0.0   74.25  1280 1390 1430 1650  720 725 730 750 +hsync +vsync (45.0 kHz e)
[   243.350] (Information: ) modeset(0): Modeline "720x480"x0.0   27.00  720 736 798 858  480 489 495 525 -hsync -vsync (31.5 kHz e)
[   243.350] (Information: ) modeset(0): Modeline "800x600"x0.0   40.00  800 840 968 1056  600 601 605 628 +hsync +vsync (37.9 kHz e)
[   243.350] (Information: ) modeset(0): Modeline "640x480"x0.0   31.50  640 656 720 840  480 481 484 500 -hsync -vsync (37.5 kHz e)
[   243.350] (Information: ) modeset(0): Modeline "640x480"x0.0   25.18  640 656 752 800  480 490 492 525 -hsync -vsync (31.5 kHz e)
[   243.350] (Information: ) modeset(0): Modeline "720x400"x0.0   28.32  720 738 846 900  400 412 414 449 -hsync +vsync (31.5 kHz e)
[   243.350] (Information: ) modeset(0): Modeline "1280x1024"x0.0  135.00  1280 1296 1440 1688  1024 1025 1028 1066 +hsync +vsync (80.0 kHz e)
[   243.350] (Information: ) modeset(0): Modeline "1024x768"x0.0   78.75  1024 1040 1136 1312  768 769 772 800 +hsync +vsync (60.0 kHz e)
[   243.350] (Information: ) modeset(0): Modeline "1024x768"x0.0   65.00  1024 1048 1184 1344  768 771 777 806 -hsync -vsync (48.4 kHz e)
[   243.350] (Information: ) modeset(0): Modeline "832x624"x0.0   57.28  832 864 928 1152  624 625 628 667 -hsync -vsync (49.7 kHz e)
[   243.350] (Information: ) modeset(0): Modeline "800x600"x0.0   49.50  800 816 896 1056  600 601 604 625 +hsync +vsync (46.9 kHz e)
[   243.350] (Information: ) modeset(0): Modeline "1152x864"x0.0  108.00  1152 1216 1344 1600  864 865 868 900 +hsync +vsync (67.5 kHz e)
[   243.350] (Information: ) modeset(0): Modeline "1920x1080"x60.0  172.80  1920 2040 2248 2576  1080 1081 1084 1118 -hsync +vsync (67.1 kHz e)
[   243.350] (Information: ) modeset(0): Modeline "1280x720"x60.0   74.48  1280 1336 1472 1664  720 721 724 746 -hsync +vsync (44.8 kHz e)
[   243.350] (Information: ) modeset(0): Modeline "1280x800"x0.0   71.00  1280 1328 1360 1440  800 803 809 823 +hsync -vsync (49.3 kHz e)
[   243.350] (Information: ) modeset(0): Modeline "1280x1024"x0.0  108.00  1280 1328 1440 1688  1024 1025 1028 1066 +hsync +vsync (64.0 kHz e)
[   243.350] (Information: ) modeset(0): Modeline "1600x900"x60.0  119.00  1600 1696 1864 2128  900 901 904 932 -hsync +vsync (55.9 kHz e)
[   243.350] (Information: ) modeset(0): Modeline "1680x1050"x0.0  119.00  1680 1728 1760 1840  1050 1053 1059 1080 +hsync -vsync (64.7 kHz e)
[   243.350] (Information: ) modeset(0): Modeline "720x576"x0.0   27.00  720 732 796 864  576 581 586 625 -hsync -vsync (31.2 kHz e)
[   243.350] (Information: ) modeset(0): Modeline "1920x1080"x0.0   74.25  1920 2558 2602 2750  1080 1084 1089 1125 +hsync +vsync (27.0 kHz e)
[   243.350] (Information: ) modeset(0): Modeline "1440x480i"x0.0   27.00  1440 1478 1602 1716  480 488 494 525 interlace -hsync -vsync (15.7 kHz e)
[   243.350] (Information: ) modeset(0): Modeline "1440x576i"x0.0   27.00  1440 1464 1590 1728  576 580 586 625 interlace -hsync -vsync (15.6 kHz e)
[   243.350] (Information: ) modeset(0): Modeline "1920x1080i"x0.0   74.25  1920 2448 2492 2640  1080 1084 1094 1125 interlace +hsync +vsync (28.1 kHz e)
[   243.350] (Information: ) modeset(0): Modeline "1280x720"x0.0   74.25  1280 1720 1760 1980  720 725 730 750 +hsync +vsync (37.5 kHz e)
[   243.350] (Information: ) modeset(0): Modeline "1440x240"x0.0   27.00  1440 1478 1602 1716  240 244 247 262 -hsync -vsync (15.7 kHz e)
[   243.350] (Information: ) modeset(0): Modeline "1440x288"x0.0   27.00  1440 1464 1590 1728  288 290 293 312 -hsync -vsync (15.6 kHz e)
[ 16148.089] (Information: ) modeset(0): EDID vendor "BNQ", prod id 30948
[ 16148.090] (Information: ) modeset(0): Using hsync ranges from config file
[ 16148.090] (Information: ) modeset(0): Using vrefresh ranges from config file
[ 16148.090] (Information: ) modeset(0): Printing DDC gathered Modelines:
[ 16148.090] (Information: ) modeset(0): Modeline "1920x1080"x0.0  148.50  1920 2008 2052 2200  1080 1084 1089 1125 +hsync +vsync (67.5 kHz eP)
[ 16148.090] (Information: ) modeset(0): Modeline "1920x1080i"x0.0   74.25  1920 2008 2052 2200  1080 1084 1094 1125 interlace +hsync +vsync (33.8 kHz e)
[ 16148.090] (Information: ) modeset(0): Modeline "1280x720"x0.0   74.25  1280 1390 1430 1650  720 725 730 750 +hsync +vsync (45.0 kHz e)
[ 16148.090] (Information: ) modeset(0): Modeline "720x480"x0.0   27.00  720 736 798 858  480 489 495 525 -hsync -vsync (31.5 kHz e)
[ 16148.090] (Information: ) modeset(0): Modeline "800x600"x0.0   40.00  800 840 968 1056  600 601 605 628 +hsync +vsync (37.9 kHz e)
[ 16148.090] (Information: ) modeset(0): Modeline "640x480"x0.0   31.50  640 656 720 840  480 481 484 500 -hsync -vsync (37.5 kHz e)
[ 16148.090] (Information: ) modeset(0): Modeline "640x480"x0.0   25.18  640 656 752 800  480 490 492 525 -hsync -vsync (31.5 kHz e)
[ 16148.090] (Information: ) modeset(0): Modeline "720x400"x0.0   28.32  720 738 846 900  400 412 414 449 -hsync +vsync (31.5 kHz e)
[ 16148.090] (Information: ) modeset(0): Modeline "1280x1024"x0.0  135.00  1280 1296 1440 1688  1024 1025 1028 1066 +hsync +vsync (80.0 kHz e)
[ 16148.090] (Information: ) modeset(0): Modeline "1024x768"x0.0   78.75  1024 1040 1136 1312  768 769 772 800 +hsync +vsync (60.0 kHz e)
[ 16148.090] (Information: ) modeset(0): Modeline "1024x768"x0.0   65.00  1024 1048 1184 1344  768 771 777 806 -hsync -vsync (48.4 kHz e)
[ 16148.090] (Information: ) modeset(0): Modeline "832x624"x0.0   57.28  832 864 928 1152  624 625 628 667 -hsync -vsync (49.7 kHz e)
[ 16148.090] (Information: ) modeset(0): Modeline "800x600"x0.0   49.50  800 816 896 1056  600 601 604 625 +hsync +vsync (46.9 kHz e)
[ 16148.090] (Information: ) modeset(0): Modeline "1152x864"x0.0  108.00  1152 1216 1344 1600  864 865 868 900 +hsync +vsync (67.5 kHz e)
[ 16148.090] (Information: ) modeset(0): Modeline "1920x1080"x60.0  172.80  1920 2040 2248 2576  1080 1081 1084 1118 -hsync +vsync (67.1 kHz e)
[ 16148.090] (Information: ) modeset(0): Modeline "1280x720"x60.0   74.48  1280 1336 1472 1664  720 721 724 746 -hsync +vsync (44.8 kHz e)
[ 16148.090] (Information: ) modeset(0): Modeline "1280x800"x0.0   71.00  1280 1328 1360 1440  800 803 809 823 +hsync -vsync (49.3 kHz e)
[ 16148.090] (Information: ) modeset(0): Modeline "1280x1024"x0.0  108.00  1280 1328 1440 1688  1024 1025 1028 1066 +hsync +vsync (64.0 kHz e)
[ 16148.090] (Information: ) modeset(0): Modeline "1600x900"x60.0  119.00  1600 1696 1864 2128  900 901 904 932 -hsync +vsync (55.9 kHz e)
[ 16148.090] (Information: ) modeset(0): Modeline "1680x1050"x0.0  119.00  1680 1728 1760 1840  1050 1053 1059 1080 +hsync -vsync (64.7 kHz e)
[ 16148.090] (Information: ) modeset(0): Modeline "720x576"x0.0   27.00  720 732 796 864  576 581 586 625 -hsync -vsync (31.2 kHz e)
[ 16148.090] (Information: ) modeset(0): Modeline "1920x1080"x0.0   74.25  1920 2558 2602 2750  1080 1084 1089 1125 +hsync +vsync (27.0 kHz e)
[ 16148.090] (Information: ) modeset(0): Modeline "1440x480i"x0.0   27.00  1440 1478 1602 1716  480 488 494 525 interlace -hsync -vsync (15.7 kHz e)
[ 16148.090] (Information: ) modeset(0): Modeline "1440x576i"x0.0   27.00  1440 1464 1590 1728  576 580 586 625 interlace -hsync -vsync (15.6 kHz e)
[ 16148.090] (Information: ) modeset(0): Modeline "1920x1080i"x0.0   74.25  1920 2448 2492 2640  1080 1084 1094 1125 interlace +hsync +vsync (28.1 kHz e)
[ 16148.090] (Information: ) modeset(0): Modeline "1280x720"x0.0   74.25  1280 1720 1760 1980  720 725 730 750 +hsync +vsync (37.5 kHz e)
[ 16148.090] (Information: ) modeset(0): Modeline "1440x240"x0.0   27.00  1440 1478 1602 1716  240 244 247 262 -hsync -vsync (15.7 kHz e)
[ 16148.090] (Information: ) modeset(0): Modeline "1440x288"x0.0   27.00  1440 1464 1590 1728  288 290 293 312 -hsync -vsync (15.6 kHz e)
[ 16148.125] (Information: ) modeset(0): EDID vendor "BNQ", prod id 30948
[ 16148.125] (Information: ) modeset(0): Using hsync ranges from config file
[ 16148.125] (Information: ) modeset(0): Using vrefresh ranges from config file
[ 16148.125] (Information: ) modeset(0): Printing DDC gathered Modelines:
[ 16148.125] (Information: ) modeset(0): Modeline "1920x1080"x0.0  148.50  1920 2008 2052 2200  1080 1084 1089 1125 +hsync +vsync (67.5 kHz eP)
[ 16148.125] (Information: ) modeset(0): Modeline "1920x1080i"x0.0   74.25  1920 2008 2052 2200  1080 1084 1094 1125 interlace +hsync +vsync (33.8 kHz e)
[ 16148.125] (Information: ) modeset(0): Modeline "1280x720"x0.0   74.25  1280 1390 1430 1650  720 725 730 750 +hsync +vsync (45.0 kHz e)
[ 16148.125] (Information: ) modeset(0): Modeline "720x480"x0.0   27.00  720 736 798 858  480 489 495 525 -hsync -vsync (31.5 kHz e)
[ 16148.125] (Information: ) modeset(0): Modeline "800x600"x0.0   40.00  800 840 968 1056  600 601 605 628 +hsync +vsync (37.9 kHz e)
[ 16148.125] (Information: ) modeset(0): Modeline "640x480"x0.0   31.50  640 656 720 840  480 481 484 500 -hsync -vsync (37.5 kHz e)
[ 16148.125] (Information: ) modeset(0): Modeline "640x480"x0.0   25.18  640 656 752 800  480 490 492 525 -hsync -vsync (31.5 kHz e)
[ 16148.125] (Information: ) modeset(0): Modeline "720x400"x0.0   28.32  720 738 846 900  400 412 414 449 -hsync +vsync (31.5 kHz e)
[ 16148.125] (Information: ) modeset(0): Modeline "1280x1024"x0.0  135.00  1280 1296 1440 1688  1024 1025 1028 1066 +hsync +vsync (80.0 kHz e)
[ 16148.125] (Information: ) modeset(0): Modeline "1024x768"x0.0   78.75  1024 1040 1136 1312  768 769 772 800 +hsync +vsync (60.0 kHz e)
[ 16148.125] (Information: ) modeset(0): Modeline "1024x768"x0.0   65.00  1024 1048 1184 1344  768 771 777 806 -hsync -vsync (48.4 kHz e)
[ 16148.125] (Information: ) modeset(0): Modeline "832x624"x0.0   57.28  832 864 928 1152  624 625 628 667 -hsync -vsync (49.7 kHz e)
[ 16148.125] (Information: ) modeset(0): Modeline "800x600"x0.0   49.50  800 816 896 1056  600 601 604 625 +hsync +vsync (46.9 kHz e)
[ 16148.125] (Information: ) modeset(0): Modeline "1152x864"x0.0  108.00  1152 1216 1344 1600  864 865 868 900 +hsync +vsync (67.5 kHz e)
[ 16148.125] (Information: ) modeset(0): Modeline "1920x1080"x60.0  172.80  1920 2040 2248 2576  1080 1081 1084 1118 -hsync +vsync (67.1 kHz e)
[ 16148.125] (Information: ) modeset(0): Modeline "1280x720"x60.0   74.48  1280 1336 1472 1664  720 721 724 746 -hsync +vsync (44.8 kHz e)
[ 16148.125] (Information: ) modeset(0): Modeline "1280x800"x0.0   71.00  1280 1328 1360 1440  800 803 809 823 +hsync -vsync (49.3 kHz e)
[ 16148.125] (Information: ) modeset(0): Modeline "1280x1024"x0.0  108.00  1280 1328 1440 1688  1024 1025 1028 1066 +hsync +vsync (64.0 kHz e)
[ 16148.125] (Information: ) modeset(0): Modeline "1600x900"x60.0  119.00  1600 1696 1864 2128  900 901 904 932 -hsync +vsync (55.9 kHz e)
[ 16148.125] (Information: ) modeset(0): Modeline "1680x1050"x0.0  119.00  1680 1728 1760 1840  1050 1053 1059 1080 +hsync -vsync (64.7 kHz e)
[ 16148.125] (Information: ) modeset(0): Modeline "720x576"x0.0   27.00  720 732 796 864  576 581 586 625 -hsync -vsync (31.2 kHz e)
[ 16148.125] (Information: ) modeset(0): Modeline "1920x1080"x0.0   74.25  1920 2558 2602 2750  1080 1084 1089 1125 +hsync +vsync (27.0 kHz e)
[ 16148.125] (Information: ) modeset(0): Modeline "1440x480i"x0.0   27.00  1440 1478 1602 1716  480 488 494 525 interlace -hsync -vsync (15.7 kHz e)
[ 16148.125] (Information: ) modeset(0): Modeline "1440x576i"x0.0   27.00  1440 1464 1590 1728  576 580 586 625 interlace -hsync -vsync (15.6 kHz e)
[ 16148.125] (Information: ) modeset(0): Modeline "1920x1080i"x0.0   74.25  1920 2448 2492 2640  1080 1084 1094 1125 interlace +hsync +vsync (28.1 kHz e)
[ 16148.125] (Information: ) modeset(0): Modeline "1280x720"x0.0   74.25  1280 1720 1760 1980  720 725 730 750 +hsync +vsync (37.5 kHz e)
[ 16148.125] (Information: ) modeset(0): Modeline "1440x240"x0.0   27.00  1440 1478 1602 1716  240 244 247 262 -hsync -vsync (15.7 kHz e)
[ 16148.125] (Information: ) modeset(0): Modeline "1440x288"x0.0   27.00  1440 1464 1590 1728  288 290 293 312 -hsync -vsync (15.6 kHz e)
[ 16148.429] (Information: ) modeset(0): Allocate new frame buffer 1920x1080 stride
[ 16149.163] (Information: ) modeset(0): EDID vendor "BNQ", prod id 30948
[ 16149.163] (Information: ) modeset(0): Using hsync ranges from config file
[ 16149.163] (Information: ) modeset(0): Using vrefresh ranges from config file
[ 16149.163] (Information: ) modeset(0): Printing DDC gathered Modelines:
[ 16149.163] (Information: ) modeset(0): Modeline "1920x1080"x0.0  148.50  1920 2008 2052 2200  1080 1084 1089 1125 +hsync +vsync (67.5 kHz eP)
[ 16149.163] (Information: ) modeset(0): Modeline "1920x1080i"x0.0   74.25  1920 2008 2052 2200  1080 1084 1094 1125 interlace +hsync +vsync (33.8 kHz e)
[ 16149.163] (Information: ) modeset(0): Modeline "1280x720"x0.0   74.25  1280 1390 1430 1650  720 725 730 750 +hsync +vsync (45.0 kHz e)
[ 16149.163] (Information: ) modeset(0): Modeline "720x480"x0.0   27.00  720 736 798 858  480 489 495 525 -hsync -vsync (31.5 kHz e)
[ 16149.163] (Information: ) modeset(0): Modeline "800x600"x0.0   40.00  800 840 968 1056  600 601 605 628 +hsync +vsync (37.9 kHz e)
[ 16149.163] (Information: ) modeset(0): Modeline "640x480"x0.0   31.50  640 656 720 840  480 481 484 500 -hsync -vsync (37.5 kHz e)
[ 16149.163] (Information: ) modeset(0): Modeline "640x480"x0.0   25.18  640 656 752 800  480 490 492 525 -hsync -vsync (31.5 kHz e)
[ 16149.163] (Information: ) modeset(0): Modeline "720x400"x0.0   28.32  720 738 846 900  400 412 414 449 -hsync +vsync (31.5 kHz e)
[ 16149.163] (Information: ) modeset(0): Modeline "1280x1024"x0.0  135.00  1280 1296 1440 1688  1024 1025 1028 1066 +hsync +vsync (80.0 kHz e)
[ 16149.163] (Information: ) modeset(0): Modeline "1024x768"x0.0   78.75  1024 1040 1136 1312  768 769 772 800 +hsync +vsync (60.0 kHz e)
[ 16149.163] (Information: ) modeset(0): Modeline "1024x768"x0.0   65.00  1024 1048 1184 1344  768 771 777 806 -hsync -vsync (48.4 kHz e)
[ 16149.163] (Information: ) modeset(0): Modeline "832x624"x0.0   57.28  832 864 928 1152  624 625 628 667 -hsync -vsync (49.7 kHz e)
[ 16149.163] (Information: ) modeset(0): Modeline "800x600"x0.0   49.50  800 816 896 1056  600 601 604 625 +hsync +vsync (46.9 kHz e)
[ 16149.163] (Information: ) modeset(0): Modeline "1152x864"x0.0  108.00  1152 1216 1344 1600  864 865 868 900 +hsync +vsync (67.5 kHz e)
[ 16149.163] (Information: ) modeset(0): Modeline "1920x1080"x60.0  172.80  1920 2040 2248 2576  1080 1081 1084 1118 -hsync +vsync (67.1 kHz e)
[ 16149.163] (Information: ) modeset(0): Modeline "1280x720"x60.0   74.48  1280 1336 1472 1664  720 721 724 746 -hsync +vsync (44.8 kHz e)
[ 16149.163] (Information: ) modeset(0): Modeline "1280x800"x0.0   71.00  1280 1328 1360 1440  800 803 809 823 +hsync -vsync (49.3 kHz e)
[ 16149.163] (Information: ) modeset(0): Modeline "1280x1024"x0.0  108.00  1280 1328 1440 1688  1024 1025 1028 1066 +hsync +vsync (64.0 kHz e)
[ 16149.163] (Information: ) modeset(0): Modeline "1600x900"x60.0  119.00  1600 1696 1864 2128  900 901 904 932 -hsync +vsync (55.9 kHz e)
[ 16149.163] (Information: ) modeset(0): Modeline "1680x1050"x0.0  119.00  1680 1728 1760 1840  1050 1053 1059 1080 +hsync -vsync (64.7 kHz e)
[ 16149.163] (Information: ) modeset(0): Modeline "720x576"x0.0   27.00  720 732 796 864  576 581 586 625 -hsync -vsync (31.2 kHz e)
[ 16149.163] (Information: ) modeset(0): Modeline "1920x1080"x0.0   74.25  1920 2558 2602 2750  1080 1084 1089 1125 +hsync +vsync (27.0 kHz e)
[ 16149.163] (Information: ) modeset(0): Modeline "1440x480i"x0.0   27.00  1440 1478 1602 1716  480 488 494 525 interlace -hsync -vsync (15.7 kHz e)
[ 16149.163] (Information: ) modeset(0): Modeline "1440x576i"x0.0   27.00  1440 1464 1590 1728  576 580 586 625 interlace -hsync -vsync (15.6 kHz e)
[ 16149.163] (Information: ) modeset(0): Modeline "1920x1080i"x0.0   74.25  1920 2448 2492 2640  1080 1084 1094 1125 interlace +hsync +vsync (28.1 kHz e)
[ 16149.163] (Information: ) modeset(0): Modeline "1280x720"x0.0   74.25  1280 1720 1760 1980  720 725 730 750 +hsync +vsync (37.5 kHz e)
[ 16149.163] (Information: ) modeset(0): Modeline "1440x240"x0.0   27.00  1440 1478 1602 1716  240 244 247 262 -hsync -vsync (15.7 kHz e)
[ 16149.163] (Information: ) modeset(0): Modeline "1440x288"x0.0   27.00  1440 1464 1590 1728  288 290 293 312 -hsync -vsync (15.6 kHz e)
[ 16149.481] (Information: ) modeset(0): EDID vendor "BNQ", prod id 30948
[ 16149.481] (Information: ) modeset(0): Using hsync ranges from config file
[ 16149.481] (Information: ) modeset(0): Using vrefresh ranges from config file
[ 16149.481] (Information: ) modeset(0): Printing DDC gathered Modelines:
[ 16149.481] (Information: ) modeset(0): Modeline "1920x1080"x0.0  148.50  1920 2008 2052 2200  1080 1084 1089 1125 +hsync +vsync (67.5 kHz eP)
[ 16149.481] (Information: ) modeset(0): Modeline "1920x1080i"x0.0   74.25  1920 2008 2052 2200  1080 1084 1094 1125 interlace +hsync +vsync (33.8 kHz e)
[ 16149.481] (Information: ) modeset(0): Modeline "1280x720"x0.0   74.25  1280 1390 1430 1650  720 725 730 750 +hsync +vsync (45.0 kHz e)
[ 16149.481] (Information: ) modeset(0): Modeline "720x480"x0.0   27.00  720 736 798 858  480 489 495 525 -hsync -vsync (31.5 kHz e)
[ 16149.481] (Information: ) modeset(0): Modeline "800x600"x0.0   40.00  800 840 968 1056  600 601 605 628 +hsync +vsync (37.9 kHz e)
[ 16149.481] (Information: ) modeset(0): Modeline "640x480"x0.0   31.50  640 656 720 840  480 481 484 500 -hsync -vsync (37.5 kHz e)
[ 16149.481] (Information: ) modeset(0): Modeline "640x480"x0.0   25.18  640 656 752 800  480 490 492 525 -hsync -vsync (31.5 kHz e)
[ 16149.481] (Information: ) modeset(0): Modeline "720x400"x0.0   28.32  720 738 846 900  400 412 414 449 -hsync +vsync (31.5 kHz e)
[ 16149.481] (Information: ) modeset(0): Modeline "1280x1024"x0.0  135.00  1280 1296 1440 1688  1024 1025 1028 1066 +hsync +vsync (80.0 kHz e)
[ 16149.481] (Information: ) modeset(0): Modeline "1024x768"x0.0   78.75  1024 1040 1136 1312  768 769 772 800 +hsync +vsync (60.0 kHz e)
[ 16149.481] (Information: ) modeset(0): Modeline "1024x768"x0.0   65.00  1024 1048 1184 1344  768 771 777 806 -hsync -vsync (48.4 kHz e)
[ 16149.481] (Information: ) modeset(0): Modeline "832x624"x0.0   57.28  832 864 928 1152  624 625 628 667 -hsync -vsync (49.7 kHz e)
[ 16149.481] (Information: ) modeset(0): Modeline "800x600"x0.0   49.50  800 816 896 1056  600 601 604 625 +hsync +vsync (46.9 kHz e)
[ 16149.481] (Information: ) modeset(0): Modeline "1152x864"x0.0  108.00  1152 1216 1344 1600  864 865 868 900 +hsync +vsync (67.5 kHz e)
[ 16149.481] (Information: ) modeset(0): Modeline "1920x1080"x60.0  172.80  1920 2040 2248 2576  1080 1081 1084 1118 -hsync +vsync (67.1 kHz e)
[ 16149.481] (Information: ) modeset(0): Modeline "1280x720"x60.0   74.48  1280 1336 1472 1664  720 721 724 746 -hsync +vsync (44.8 kHz e)
[ 16149.481] (Information: ) modeset(0): Modeline "1280x800"x0.0   71.00  1280 1328 1360 1440  800 803 809 823 +hsync -vsync (49.3 kHz e)
[ 16149.481] (Information: ) modeset(0): Modeline "1280x1024"x0.0  108.00  1280 1328 1440 1688  1024 1025 1028 1066 +hsync +vsync (64.0 kHz e)
[ 16149.481] (Information: ) modeset(0): Modeline "1600x900"x60.0  119.00  1600 1696 1864 2128  900 901 904 932 -hsync +vsync (55.9 kHz e)
[ 16149.481] (Information: ) modeset(0): Modeline "1680x1050"x0.0  119.00  1680 1728 1760 1840  1050 1053 1059 1080 +hsync -vsync (64.7 kHz e)
[ 16149.481] (Information: ) modeset(0): Modeline "720x576"x0.0   27.00  720 732 796 864  576 581 586 625 -hsync -vsync (31.2 kHz e)
[ 16149.481] (Information: ) modeset(0): Modeline "1920x1080"x0.0   74.25  1920 2558 2602 2750  1080 1084 1089 1125 +hsync +vsync (27.0 kHz e)
[ 16149.481] (Information: ) modeset(0): Modeline "1440x480i"x0.0   27.00  1440 1478 1602 1716  480 488 494 525 interlace -hsync -vsync (15.7 kHz e)
[ 16149.481] (Information: ) modeset(0): Modeline "1440x576i"x0.0   27.00  1440 1464 1590 1728  576 580 586 625 interlace -hsync -vsync (15.6 kHz e)
[ 16149.481] (Information: ) modeset(0): Modeline "1920x1080i"x0.0   74.25  1920 2448 2492 2640  1080 1084 1094 1125 interlace +hsync +vsync (28.1 kHz e)
[ 16149.481] (Information: ) modeset(0): Modeline "1280x720"x0.0   74.25  1280 1720 1760 1980  720 725 730 750 +hsync +vsync (37.5 kHz e)
[ 16149.481] (Information: ) modeset(0): Modeline "1440x240"x0.0   27.00  1440 1478 1602 1716  240 244 247 262 -hsync -vsync (15.7 kHz e)
[ 16149.481] (Information: ) modeset(0): Modeline "1440x288"x0.0   27.00  1440 1464 1590 1728  288 290 293 312 -hsync -vsync (15.6 kHz e)
[ 16164.623] (Information: ) modeset(0): EDID vendor "BOE", prod id 1703
[ 16164.623] (Information: ) modeset(0): Printing DDC gathered Modelines:
[ 16164.623] (Information: ) modeset(0): Modeline "1920x1080"x0.0  138.78  1920 1968 2000 2080  1080 1083 1088 1112 +hsync -vsync (66.7 kHz eP)
[ 16164.623] (Information: ) modeset(0): Modeline "1920x1080"x0.0  111.02  1920 1968 2000 2080  1080 1083 1088 1112 +hsync -vsync (53.4 kHz e)
[ 16166.116] (Information: ) modeset(0): EDID vendor "BOE", prod id 1703
[ 16166.116] (Information: ) modeset(0): Printing DDC gathered Modelines:
[ 16166.116] (Information: ) modeset(0): Modeline "1920x1080"x0.0  138.78  1920 1968 2000 2080  1080 1083 1088 1112 +hsync -vsync (66.7 kHz eP)
[ 16166.116] (Information: ) modeset(0): Modeline "1920x1080"x0.0  111.02  1920 1968 2000 2080  1080 1083 1088 1112 +hsync -vsync (53.4 kHz e)
[ 16167.150] (Information: ) modeset(0): EDID vendor "BOE", prod id 1703
[ 16167.150] (Information: ) modeset(0): Printing DDC gathered Modelines:
[ 16167.150] (Information: ) modeset(0): Modeline "1920x1080"x0.0  138.78  1920 1968 2000 2080  1080 1083 1088 1112 +hsync -vsync (66.7 kHz eP)
[ 16167.150] (Information: ) modeset(0): Modeline "1920x1080"x0.0  111.02  1920 1968 2000 2080  1080 1083 1088 1112 +hsync -vsync (53.4 kHz e)
[ 16171.196] (Information: ) modeset(0): EDID vendor "BOE", prod id 1703
[ 16171.196] (Information: ) modeset(0): Printing DDC gathered Modelines:
[ 16171.196] (Information: ) modeset(0): Modeline "1920x1080"x0.0  138.78  1920 1968 2000 2080  1080 1083 1088 1112 +hsync -vsync (66.7 kHz eP)
[ 16171.196] (Information: ) modeset(0): Modeline "1920x1080"x0.0  111.02  1920 1968 2000 2080  1080 1083 1088 1112 +hsync -vsync (53.4 kHz e)
[ 16178.983] (Information: ) config/udev: removing device SynPS/2 Synaptics TouchPad
[ 16179.014] (Information: ) UnloadModule: "libinput"
  /var/log/Xorg.0.log 
